<?xml version="1.0" encoding="UTF-8"?>
<!-- Generated by org.testng.reporters.JUnitReportReporter -->
<testsuite hostname="NJCreationsLab" name="ExamsTestCase" tests="4" failures="0" timestamp="13 Feb 2017 07:35:19 GMT" time="0.773" errors="0">
  <testcase name="getExamsbyVisitIdTestCase" time="0.232" classname="ExamsTestCase"/>
  <testcase name="updateExamTestCase" time="0.170" classname="ExamsTestCase"/>
  <testcase name="addExamTestCase" time="0.225" classname="ExamsTestCase"/>
  <testcase name="getExamsbyExamIdTestCase" time="0.146" classname="ExamsTestCase"/>
</testsuite> <!-- ExamsTestCase -->
