<?xml version="1.0" encoding="UTF-8"?>
<!-- Generated by org.testng.reporters.JUnitReportReporter -->
<testsuite hostname="NJCreationsLab" name="OPDLabTestRequestTestCase" tests="6" failures="0" timestamp="13 Mar 2017 10:46:42 GMT" time="2.589" errors="0">
  <testcase name="getOPDLabRequestsByVisit" time="0.358" classname="OPDLabTestRequestTestCase"/>
  <testcase name="updateOPDLabRequests" time="0.301" classname="OPDLabTestRequestTestCase"/>
  <testcase name="getOPDLabRequestsByPatient" time="0.374" classname="OPDLabTestRequestTestCase"/>
  <testcase name="getAllOPDLabTestRequests" time="0.309" classname="OPDLabTestRequestTestCase"/>
  <testcase name="deleteOPDLabTestRequest" time="0.844" classname="OPDLabTestRequestTestCase"/>
  <testcase name="addOPDLabTestRequest" time="0.403" classname="OPDLabTestRequestTestCase"/>
</testsuite> <!-- OPDLabTestRequestTestCase -->
