<?xml version="1.0" encoding="UTF-8"?>
<!-- Generated by org.testng.reporters.JUnitReportReporter -->
<testsuite hostname="NJCreationsLab" name="PrescriptionTermTestCase" tests="3" failures="0" timestamp="23 Mar 2017 05:27:08 GMT" time="0.707" errors="0">
  <testcase name="getTermPrescriptionByBHTno" time="0.189" classname="PrescriptionTermTestCase"/>
  <testcase name="UpdateTermPrescrptionTestCase" time="0.307" classname="PrescriptionTermTestCase"/>
  <testcase name="AddPresceiptionTermTestCase" time="0.211" classname="PrescriptionTermTestCase"/>
</testsuite> <!-- PrescriptionTermTestCase -->
