<?xml version="1.0" encoding="UTF-8"?>
<!-- Generated by org.testng.reporters.JUnitReportReporter -->
<testsuite hostname="NJCreationsLab" name="SpecimenTypeTestCase" tests="2" failures="0" timestamp="13 Feb 2017 07:35:19 GMT" time="0.147" errors="0">
  <testcase name="getAllSpecimenTypeByIdTestCase" time="0.061" classname="SpecimenTypeTestCase"/>
  <testcase name="getAllSpecimenTypeTestCase" time="0.086" classname="SpecimenTypeTestCase"/>
</testsuite> <!-- SpecimenTypeTestCase -->
