<?xml version="1.0" encoding="UTF-8"?>
<!-- Generated by org.testng.reporters.JUnitReportReporter -->
<testsuite hostname="NJCreationsLab" name="LabTestRequestFiltersTestCase" tests="3" failures="0" timestamp="13 Feb 2017 07:35:19 GMT" time="2.494" errors="0">
  <testcase name="getAllLabTestRequestByLocationTestCase" time="0.333" classname="LabTestRequestFiltersTestCase"/>
  <testcase name="getAllLabTestRequestByPIDTestCase" time="0.348" classname="LabTestRequestFiltersTestCase"/>
  <testcase name="getAllPatientsTestCase" time="1.813" classname="LabTestRequestFiltersTestCase"/>
</testsuite> <!-- LabTestRequestFiltersTestCase -->
