<?xml version="1.0" encoding="UTF-8"?>
<!-- Generated by org.testng.reporters.JUnitReportReporter -->
<testsuite hostname="NJCreationsLab" name="ReportTestCase" tests="2" failures="0" timestamp="13 Mar 2017 10:46:42 GMT" time="0.615" errors="0">
  <testcase name="getAllReportTestCase" time="0.299" classname="ReportTestCase"/>
  <testcase name="generateNewReportTestCase" time="0.316" classname="ReportTestCase"/>
</testsuite> <!-- ReportTestCase -->
