<?xml version="1.0" encoding="UTF-8"?>
<!-- Generated by org.testng.reporters.JUnitReportReporter -->
<testsuite hostname="NJCreationsLab" name="PrescriptionTestCase" tests="4" failures="0" timestamp="23 Mar 2017 05:27:08 GMT" time="1.615" errors="0">
  <testcase name="getPrescriptionsByPatientTestCase" time="0.208" classname="PrescriptionTestCase"/>
  <testcase name="getPrescriptionsByPrescriptionTestCase" time="0.223" classname="PrescriptionTestCase"/>
  <testcase name="updatePrescriptionTestCase" time="0.407" classname="PrescriptionTestCase"/>
  <testcase name="addPrescriptionTestCase" time="0.777" classname="PrescriptionTestCase"/>
</testsuite> <!-- PrescriptionTestCase -->
