<?xml version="1.0" encoding="UTF-8"?>
<!-- Generated by org.testng.reporters.JUnitReportReporter -->
<testsuite hostname="NJCreationsLab" name="LabTestRequestTestCase" tests="10" failures="0" timestamp="13 Feb 2017 07:35:19 GMT" time="2.327" errors="0">
  <testcase name="getSpecimenByRequestIDTestCase" time="0.042" classname="LabTestRequestTestCase"/>
  <testcase name="getAllTestRequestsTestCase" time="1.389" classname="LabTestRequestTestCase"/>
  <testcase name="addSpecimenInfoTestCase" time="0.183" classname="LabTestRequestTestCase"/>
  <testcase name="getAllSpecimenRetTypesTestCase" time="0.023" classname="LabTestRequestTestCase"/>
  <testcase name="addNewLabTestRequestTestCase" time="0.338" classname="LabTestRequestTestCase"/>
  <testcase name="getRequestsByPatientIDTestCase" time="0.118" classname="LabTestRequestTestCase"/>
  <testcase name="setStatusTestCase" time="0.103" classname="LabTestRequestTestCase"/>
  <testcase name="getSpecimenIDByRequestIDTestCase" time="0.033" classname="LabTestRequestTestCase"/>
  <testcase name="getTestRequestByRequestIDTestCase" time="0.070" classname="LabTestRequestTestCase"/>
  <testcase name="getAllSpecimenTypeTestCase" time="0.028" classname="LabTestRequestTestCase"/>
</testsuite> <!-- LabTestRequestTestCase -->
