<?xml version="1.0" encoding="UTF-8"?>
<!-- Generated by org.testng.reporters.JUnitReportReporter -->
<testsuite hostname="NJCreationsLab" name="SampleCenterTestCase" tests="5" failures="0" timestamp="23 Mar 2017 05:27:08 GMT" time="0.754" errors="0">
  <testcase name="addNewSampleCenterTestCase" time="0.269" classname="SampleCenterTestCase"/>
  <testcase name="getAllSampleCentersTestCase" time="0.140" classname="SampleCenterTestCase"/>
  <testcase name="deleteSampleCenterTestCase" time="0.051" classname="SampleCenterTestCase"/>
  <testcase name="updateSampleCenterDetailsTestCase" time="0.188" classname="SampleCenterTestCase"/>
  <testcase name="getSampleCentersByLabTypeTestCase" time="0.106" classname="SampleCenterTestCase"/>
</testsuite> <!-- SampleCenterTestCase -->
