<?xml version="1.0" encoding="UTF-8"?>
<!-- Generated by org.testng.reporters.JUnitReportReporter -->
<testsuite hostname="NJCreationsLab" name="ExamsTestCase" tests="4" failures="0" timestamp="23 Mar 2017 05:27:08 GMT" time="0.836" errors="0">
  <testcase name="getExamsbyVisitIdTestCase" time="0.220" classname="ExamsTestCase"/>
  <testcase name="updateExamTestCase" time="0.214" classname="ExamsTestCase"/>
  <testcase name="getExamsbyExamIdTestCase" time="0.178" classname="ExamsTestCase"/>
  <testcase name="addExamTestCase" time="0.224" classname="ExamsTestCase"/>
</testsuite> <!-- ExamsTestCase -->
