<?xml version="1.0" encoding="UTF-8"?>
<!-- Generated by org.testng.reporters.JUnitReportReporter -->
<testsuite hostname="NJCreationsLab" name="ParentTestFieldsTestCase" tests="4" failures="0" timestamp="13 Feb 2017 07:35:19 GMT" time="0.457" errors="0">
  <testcase name="getAllLabParentTestCase" time="0.040" classname="ParentTestFieldsTestCase"/>
  <testcase name="addLabParentTestCase" time="0.257" classname="ParentTestFieldsTestCase"/>
  <testcase name="getMaxParentIDTestCase" time="0.031" classname="ParentTestFieldsTestCase"/>
  <testcase name="getAllLabParentByIDTestCase" time="0.129" classname="ParentTestFieldsTestCase"/>
</testsuite> <!-- ParentTestFieldsTestCase -->
