<?xml version="1.0" encoding="UTF-8"?>
<!-- Generated by org.testng.reporters.JUnitReportReporter -->
<testsuite hostname="NJCreationsLab" name="ReportTestCase" tests="2" failures="0" timestamp="13 Feb 2017 07:35:19 GMT" time="0.759" errors="0">
  <testcase name="generateNewReportTestCase" time="0.414" classname="ReportTestCase"/>
  <testcase name="getAllReportTestCase" time="0.345" classname="ReportTestCase"/>
</testsuite> <!-- ReportTestCase -->
