<?xml version="1.0" encoding="UTF-8"?>
<!-- Generated by org.testng.reporters.JUnitReportReporter -->
<testsuite hostname="NJCreationsLab" name="OpdVisitTestCase" tests="7" failures="0" timestamp="13 Feb 2017 07:35:19 GMT" time="0.536" errors="0">
  <testcase name="addOpdVisitTestCase" time="0.082" classname="OpdVisitTestCase"/>
  <testcase name="getOpdVisitRecentRequestByPID" time="0.120" classname="OpdVisitTestCase"/>
  <testcase name="getOpdVisitForReports" time="0.032" classname="OpdVisitTestCase"/>
  <testcase name="updateVisitTestCase" time="0.073" classname="OpdVisitTestCase"/>
  <testcase name="getOpdVisitTestRequestByVisitDate" time="0.076" classname="OpdVisitTestCase"/>
  <testcase name="getOpdVisitTestByVisitId" time="0.068" classname="OpdVisitTestCase"/>
  <testcase name="getOpdVisitTestRequestByPID" time="0.085" classname="OpdVisitTestCase"/>
</testsuite> <!-- OpdVisitTestCase -->
