<?xml version="1.0" encoding="UTF-8"?>
<!-- Generated by org.testng.reporters.JUnitReportReporter -->
<testsuite hostname="NJCreationsLab" name="PrescriptionTestCase" tests="4" failures="0" timestamp="13 Mar 2017 10:46:42 GMT" time="1.153" errors="0">
  <testcase name="addPrescriptionTestCase" time="0.442" classname="PrescriptionTestCase"/>
  <testcase name="getPrescriptionsByPrescriptionTestCase" time="0.170" classname="PrescriptionTestCase"/>
  <testcase name="updatePrescriptionTestCase" time="0.373" classname="PrescriptionTestCase"/>
  <testcase name="getPrescriptionsByPatientTestCase" time="0.168" classname="PrescriptionTestCase"/>
</testsuite> <!-- PrescriptionTestCase -->
