<?xml version="1.0" encoding="UTF-8"?>
<!-- Generated by org.testng.reporters.JUnitReportReporter -->
<testsuite hostname="NJCreationsLab" name="BedTestCase" tests="5" failures="0" timestamp="23 Mar 2017 05:27:08 GMT" time="0.360" errors="0">
  <testcase name="getFreeBedByWardNoTestCase" time="0.022" classname="BedTestCase"/>
  <testcase name="getAllBedByWardNoTestCase" time="0.264" classname="BedTestCase"/>
  <testcase name="addBedTestCase" time="0.031" classname="BedTestCase"/>
  <testcase name="updateBedTestCase" time="0.017" classname="BedTestCase"/>
  <testcase name="getBedByWardNoAndBedNoTestCase" time="0.026" classname="BedTestCase"/>
</testsuite> <!-- BedTestCase -->
