<?xml version="1.0" encoding="UTF-8"?>
<!-- Generated by org.testng.reporters.JUnitReportReporter -->
<testsuite hostname="NJCreationsLab" name="AllergyTestCase" tests="4" failures="0" timestamp="13 Mar 2017 10:46:42 GMT" time="0.725" errors="0">
  <testcase name="getAllergiesByAllergyIdTestCase" time="0.138" classname="AllergyTestCase"/>
  <testcase name="getAllergiesByPatientTestCase" time="0.175" classname="AllergyTestCase"/>
  <testcase name="addAllergyTestCase" time="0.239" classname="AllergyTestCase"/>
  <testcase name="updateAllergyTestCase" time="0.173" classname="AllergyTestCase"/>
</testsuite> <!-- AllergyTestCase -->
