<?xml version="1.0" encoding="UTF-8"?>
<!-- Generated by org.testng.reporters.JUnitReportReporter -->
<testsuite hostname="NJCreationsLab" name="ParmacyTestCase" tests="2" failures="0" timestamp="23 Mar 2017 05:27:08 GMT" time="0.063" errors="0">
  <testcase name="loadPharmacyTestCase" time="0.032" classname="ParmacyTestCase"/>
  <testcase name="addPharmacyTestCase" time="0.031" classname="ParmacyTestCase"/>
</testsuite> <!-- ParmacyTestCase -->
