<?xml version="1.0" encoding="UTF-8"?>
<!-- Generated by org.testng.reporters.JUnitReportReporter -->
<testsuite hostname="NJCreationsLab" name="SubTestFieldsTestCase" tests="4" failures="0" timestamp="23 Mar 2017 05:27:08 GMT" time="0.245" errors="0">
  <testcase name="addNewSubTestFieldTestCase" time="0.092" classname="SubTestFieldsTestCase"/>
  <testcase name="GetTestSubFieldsTestCase" time="0.089" classname="SubTestFieldsTestCase"/>
  <testcase name="getAllSubTestFieldsTestCase" time="0.023" classname="SubTestFieldsTestCase"/>
  <testcase name="GetMaxSubTestFieldTestCase" time="0.041" classname="SubTestFieldsTestCase"/>
</testsuite> <!-- SubTestFieldsTestCase -->
