<?xml version="1.0" encoding="UTF-8"?>
<!-- Generated by org.testng.reporters.JUnitReportReporter -->
<testsuite hostname="NJCreationsLab" name="LabTypeTestCase" tests="3" failures="0" timestamp="23 Mar 2017 05:27:08 GMT" time="0.176" errors="0">
  <testcase name="deleteLabTypeTestCase" time="0.038" classname="LabTypeTestCase"/>
  <testcase name="updateLabTypeTestCase" time="0.062" classname="LabTypeTestCase"/>
  <testcase name="insertLabTypeTestCase" time="0.076" classname="LabTypeTestCase"/>
</testsuite> <!-- LabTypeTestCase -->
