<?xml version="1.0" encoding="UTF-8"?>
<!-- Generated by org.testng.reporters.JUnitReportReporter -->
<testsuite hostname="NJCreationsLab" name="LabTestRequestTestCase" tests="10" failures="0" timestamp="23 Mar 2017 05:27:08 GMT" time="1.333" errors="0">
  <testcase name="getAllSpecimenRetTypesTestCase" time="0.020" classname="LabTestRequestTestCase"/>
  <testcase name="getSpecimenIDByRequestIDTestCase" time="0.017" classname="LabTestRequestTestCase"/>
  <testcase name="getSpecimenByRequestIDTestCase" time="0.063" classname="LabTestRequestTestCase"/>
  <testcase name="getAllSpecimenTypeTestCase" time="0.020" classname="LabTestRequestTestCase"/>
  <testcase name="addSpecimenInfoTestCase" time="0.161" classname="LabTestRequestTestCase"/>
  <testcase name="getAllTestRequestsTestCase" time="0.656" classname="LabTestRequestTestCase"/>
  <testcase name="setStatusTestCase" time="0.062" classname="LabTestRequestTestCase"/>
  <testcase name="getTestRequestByRequestIDTestCase" time="0.062" classname="LabTestRequestTestCase"/>
  <testcase name="getRequestsByPatientIDTestCase" time="0.071" classname="LabTestRequestTestCase"/>
  <testcase name="addNewLabTestRequestTestCase" time="0.201" classname="LabTestRequestTestCase"/>
</testsuite> <!-- LabTestRequestTestCase -->
