<?xml version="1.0" encoding="UTF-8"?>
<!-- Generated by org.testng.reporters.JUnitReportReporter -->
<testsuite hostname="NJCreationsLab" name="SubTestFieldsTestCase" tests="4" failures="0" timestamp="13 Mar 2017 10:46:42 GMT" time="0.205" errors="0">
  <testcase name="addNewSubTestFieldTestCase" time="0.078" classname="SubTestFieldsTestCase"/>
  <testcase name="getAllSubTestFieldsTestCase" time="0.019" classname="SubTestFieldsTestCase"/>
  <testcase name="GetTestSubFieldsTestCase" time="0.077" classname="SubTestFieldsTestCase"/>
  <testcase name="GetMaxSubTestFieldTestCase" time="0.031" classname="SubTestFieldsTestCase"/>
</testsuite> <!-- SubTestFieldsTestCase -->
