<?xml version="1.0" encoding="UTF-8"?>
<!-- Generated by org.testng.reporters.JUnitReportReporter -->
<testsuite hostname="NJCreationsLab" name="HinTestCase" tests="2" failures="0" timestamp="23 Mar 2017 05:27:08 GMT" time="1.622" errors="0">
  <testcase name="generateChekDigitTestCase" time="0.019" classname="HinTestCase"/>
  <testcase name="serialNumberForHinTestCase" time="1.603" classname="HinTestCase"/>
</testsuite> <!-- HinTestCase -->
