<?xml version="1.0" encoding="UTF-8"?>
<!-- Generated by org.testng.reporters.JUnitReportReporter -->
<testsuite hostname="NJCreationsLab" name="TempPrescribeResourceTestCase" tests="4" failures="0" timestamp="23 Mar 2017 05:27:08 GMT" time="0.631" errors="0">
  <testcase name="getPrescrptionItemsByTermID" time="0.205" classname="TempPrescribeResourceTestCase"/>
  <testcase name="deleteWard" time="0.028" classname="TempPrescribeResourceTestCase"/>
  <testcase name="UpdatePrescrptionItem" time="0.200" classname="TempPrescribeResourceTestCase"/>
  <testcase name="addNewPrescrptionItemTestCase" time="0.198" classname="TempPrescribeResourceTestCase"/>
</testsuite> <!-- TempPrescribeResourceTestCase -->
