<?xml version="1.0" encoding="UTF-8"?>
<!-- Generated by org.testng.reporters.JUnitReportReporter -->
<testsuite hostname="NJCreationsLab" name="TestNamesTestCase" tests="5" failures="0" timestamp="13 Mar 2017 10:46:42 GMT" time="0.906" errors="0">
  <testcase name="deleteLabTestsTestCase" time="0.008" classname="TestNamesTestCase"/>
  <testcase name="insertLabTestsTestCase" time="0.162" classname="TestNamesTestCase"/>
  <testcase name="getMaxTestIDTestCase" time="0.015" classname="TestNamesTestCase"/>
  <testcase name="getAllLabTestsTestCase" time="0.503" classname="TestNamesTestCase"/>
  <testcase name="updateTestsTestCase" time="0.218" classname="TestNamesTestCase"/>
</testsuite> <!-- TestNamesTestCase -->
