<?xml version="1.0" encoding="UTF-8"?>
<!-- Generated by org.testng.reporters.JUnitReportReporter -->
<testsuite hostname="NJCreationsLab" name="SampleCenterTestCase" tests="5" failures="0" timestamp="13 Feb 2017 07:35:19 GMT" time="0.667" errors="0">
  <testcase name="getAllSampleCentersTestCase" time="0.124" classname="SampleCenterTestCase"/>
  <testcase name="getSampleCentersByLabTypeTestCase" time="0.110" classname="SampleCenterTestCase"/>
  <testcase name="deleteSampleCenterTestCase" time="0.056" classname="SampleCenterTestCase"/>
  <testcase name="addNewSampleCenterTestCase" time="0.141" classname="SampleCenterTestCase"/>
  <testcase name="updateSampleCenterDetailsTestCase" time="0.236" classname="SampleCenterTestCase"/>
</testsuite> <!-- SampleCenterTestCase -->
