<?xml version="1.0" encoding="UTF-8"?>
<!-- Generated by org.testng.reporters.JUnitReportReporter -->
<testsuite hostname="NJCreationsLab" name="MainResultsTestCase" tests="3" failures="0" timestamp="13 Feb 2017 07:35:19 GMT" time="2.549" errors="0">
  <testcase name="getAllSubCategoriesTestCase" time="0.428" classname="MainResultsTestCase"/>
  <testcase name="addMainResultsTestCase" time="1.221" classname="MainResultsTestCase"/>
  <testcase name="getAllMainResultsTestCase" time="0.900" classname="MainResultsTestCase"/>
</testsuite> <!-- MainResultsTestCase -->
