<?xml version="1.0" encoding="UTF-8"?>
<!-- Generated by org.testng.reporters.JUnitReportReporter -->
<testsuite hostname="NJCreationsLab" name="LabTestCase" tests="5" failures="0" timestamp="13 Feb 2017 07:35:19 GMT" time="0.766" errors="0">
  <testcase name="getLabTestRequestByID" time="0.207" classname="LabTestCase"/>
  <testcase name="updateLaboratoryTestCase" time="0.210" classname="LabTestCase"/>
  <testcase name="deleteLabTestCase" time="0.030" classname="LabTestCase"/>
  <testcase name="getAllLaboratoriesTestCase" time="0.158" classname="LabTestCase"/>
  <testcase name="addLaboratoryTestCase" time="0.161" classname="LabTestCase"/>
</testsuite> <!-- LabTestCase -->
