<?xml version="1.0" encoding="UTF-8"?>
<!-- Generated by org.testng.reporters.JUnitReportReporter -->
<testsuite hostname="NJCreationsLab" name="OpdAttachmentTestCase" tests="4" failures="0" timestamp="23 Mar 2017 05:27:08 GMT" time="0.289" errors="0">
  <testcase name="addOpdAttachmentTestCase" time="0.100" classname="OpdAttachmentTestCase"/>
  <testcase name="getOpdTestRequestByPID" time="0.093" classname="OpdAttachmentTestCase"/>
  <testcase name="updateOpdAttachmentTestCase" time="0.008" classname="OpdAttachmentTestCase"/>
  <testcase name="getOpdTestRequestByAttachID" time="0.088" classname="OpdAttachmentTestCase"/>
</testsuite> <!-- OpdAttachmentTestCase -->
