<?xml version="1.0" encoding="UTF-8"?>
<!-- Generated by org.testng.reporters.JUnitReportReporter -->
<testsuite hostname="NJCreationsLab" name="TempPrescribeResourceTestCase" tests="4" failures="0" timestamp="13 Mar 2017 10:46:42 GMT" time="0.563" errors="0">
  <testcase name="UpdatePrescrptionItem" time="0.158" classname="TempPrescribeResourceTestCase"/>
  <testcase name="deleteWard" time="0.029" classname="TempPrescribeResourceTestCase"/>
  <testcase name="getPrescrptionItemsByTermID" time="0.195" classname="TempPrescribeResourceTestCase"/>
  <testcase name="addNewPrescrptionItemTestCase" time="0.181" classname="TempPrescribeResourceTestCase"/>
</testsuite> <!-- TempPrescribeResourceTestCase -->
