<?xml version="1.0" encoding="UTF-8"?>
<!-- Generated by org.testng.reporters.JUnitReportReporter -->
<testsuite hostname="NJCreationsLab" name="LabTestRequestFiltersTestCase" tests="3" failures="0" timestamp="13 Mar 2017 10:46:42 GMT" time="2.057" errors="0">
  <testcase name="getAllLabTestRequestByPIDTestCase" time="0.246" classname="LabTestRequestFiltersTestCase"/>
  <testcase name="getAllLabTestRequestByLocationTestCase" time="0.254" classname="LabTestRequestFiltersTestCase"/>
  <testcase name="getAllPatientsTestCase" time="1.557" classname="LabTestRequestFiltersTestCase"/>
</testsuite> <!-- LabTestRequestFiltersTestCase -->
