<?xml version="1.0" encoding="UTF-8"?>
<!-- Generated by org.testng.reporters.JUnitReportReporter -->
<testsuite hostname="NJCreationsLab" name="AllergyTestCase" tests="4" failures="0" timestamp="13 Feb 2017 07:35:19 GMT" time="1.016" errors="0">
  <testcase name="addAllergyTestCase" time="0.353" classname="AllergyTestCase"/>
  <testcase name="getAllergiesByAllergyIdTestCase" time="0.188" classname="AllergyTestCase"/>
  <testcase name="getAllergiesByPatientTestCase" time="0.219" classname="AllergyTestCase"/>
  <testcase name="updateAllergyTestCase" time="0.256" classname="AllergyTestCase"/>
</testsuite> <!-- AllergyTestCase -->
