<?xml version="1.0" encoding="UTF-8"?>
<!-- Generated by org.testng.reporters.JUnitReportReporter -->
<testsuite hostname="NJCreationsLab" name="WardTestCase" tests="5" failures="0" timestamp="13 Mar 2017 10:46:42 GMT" time="0.123" errors="0">
  <testcase name="AddWardTestCase" time="0.038" classname="WardTestCase"/>
  <testcase name="getWardTestCase" time="0.006" classname="WardTestCase"/>
  <testcase name="updateWardDetailsTestCase" time="0.031" classname="WardTestCase"/>
  <testcase name="getWardByWardNoTestCase" time="0.017" classname="WardTestCase"/>
  <testcase name="DeleteWardTestCase" time="0.031" classname="WardTestCase"/>
</testsuite> <!-- WardTestCase -->
