<?xml version="1.0" encoding="UTF-8"?>
<!-- Generated by org.testng.reporters.JUnitReportReporter -->
<testsuite hostname="NJCreationsLab" name="OpdQueueTestCase" tests="13" failures="0" timestamp="23 Mar 2017 05:27:08 GMT" time="1.468" errors="0">
  <testcase name="getOpdSetQueue" time="0.004" classname="OpdQueueTestCase"/>
  <testcase name="getOpdQueueTestRequestByUID" time="0.059" classname="OpdQueueTestCase"/>
  <testcase name="getOpdQueueIsPatientInByPID" time="0.204" classname="OpdQueueTestCase"/>
  <testcase name="getOpdQueueCurrentInByDID" time="0.065" classname="OpdQueueTestCase"/>
  <testcase name="getOpdQueueTreatedByUID" time="0.054" classname="OpdQueueTestCase"/>
  <testcase name="getOpdHoldQuiueByUID" time="0.016" classname="OpdQueueTestCase"/>
  <testcase name="getOpdGetQueueType" time="0.004" classname="OpdQueueTestCase"/>
  <testcase name="getOpdQueueRediectByUID" time="0.111" classname="OpdQueueTestCase"/>
  <testcase name="getOpdQueueCheckinByPID" time="0.211" classname="OpdQueueTestCase"/>
  <testcase name="getOpdQueueNextAssignByPID" time="0.242" classname="OpdQueueTestCase"/>
  <testcase name="addOpdQueueTestCase" time="0.277" classname="OpdQueueTestCase"/>
  <testcase name="getOpdQueueStatusByUID" time="0.006" classname="OpdQueueTestCase"/>
  <testcase name="getOpdQueueCheckoutByPID" time="0.215" classname="OpdQueueTestCase"/>
</testsuite> <!-- OpdQueueTestCase -->
