<?xml version="1.0" encoding="UTF-8"?>
<!-- Generated by org.testng.reporters.JUnitReportReporter -->
<testsuite hostname="NJCreationsLab" name="SpecimenRetentionTypeTestCase" tests="2" failures="0" timestamp="13 Feb 2017 07:35:19 GMT" time="0.275" errors="0">
  <testcase name="getAllSpecimenRetentionTypeByIdTestCase" time="0.240" classname="SpecimenRetentionTypeTestCase"/>
  <testcase name="getAllSpecimenRetentionTypeTestCase" time="0.035" classname="SpecimenRetentionTypeTestCase"/>
</testsuite> <!-- SpecimenRetentionTypeTestCase -->
