<?xml version="1.0" encoding="UTF-8"?>
<!-- Generated by org.testng.reporters.JUnitReportReporter -->
<testsuite hostname="NJCreationsLab" name="ReportTestCase" tests="2" failures="0" timestamp="23 Mar 2017 05:27:08 GMT" time="0.776" errors="0">
  <testcase name="getAllReportTestCase" time="0.308" classname="ReportTestCase"/>
  <testcase name="generateNewReportTestCase" time="0.468" classname="ReportTestCase"/>
</testsuite> <!-- ReportTestCase -->
