<?xml version="1.0" encoding="UTF-8"?>
<!-- Generated by org.testng.reporters.JUnitReportReporter -->
<testsuite hostname="NJCreationsLab" name="DrugTestCase" tests="29" failures="0" timestamp="13 Mar 2017 10:46:42 GMT" time="3.544" errors="0">
  <testcase name="updateDrugTestCase" time="0.137" classname="DrugTestCase"/>
  <testcase name="getDrugDetailsByDNameTestCase" time="0.092" classname="DrugTestCase"/>
  <testcase name="getAllDrugReportsTestCase" time="0.141" classname="DrugTestCase"/>
  <testcase name="dispenseDrugTestCase" time="0.553" classname="DrugTestCase"/>
  <testcase name="getAllRequestsTestCase" time="0.177" classname="DrugTestCase"/>
  <testcase name="requestDrugTestCase" time="0.165" classname="DrugTestCase"/>
  <testcase name="getDrugByCategoryTestCase" time="0.135" classname="DrugTestCase"/>
  <testcase name="addFrequencyTestCase" time="0.016" classname="DrugTestCase"/>
  <testcase name="getDrugIdByDNameTestCase" time="0.103" classname="DrugTestCase"/>
  <testcase name="getDrugDetailsTestCase" time="0.117" classname="DrugTestCase"/>
  <testcase name="getPharmFrequencyTestCase" time="0.103" classname="DrugTestCase"/>
  <testcase name="getMailHistoryTestCase" time="0.020" classname="DrugTestCase"/>
  <testcase name="getDrugDetailsByDrugNameTestCase" time="0.121" classname="DrugTestCase"/>
  <testcase name="insertDrugTestCase" time="0.134" classname="DrugTestCase"/>
  <testcase name="getAllDrugsTestCase" time="0.039" classname="DrugTestCase"/>
  <testcase name="updateFrequencyTestCase" time="0.031" classname="DrugTestCase"/>
  <testcase name="updateDrugBatchTestCase" time="0.127" classname="DrugTestCase"/>
  <testcase name="getAllDrugCategoriesTestCase" time="0.104" classname="DrugTestCase"/>
  <testcase name="addDrugBatchTestCase" time="0.119" classname="DrugTestCase"/>
  <testcase name="saveDosageTestCase" time="0.028" classname="DrugTestCase"/>
  <testcase name="getAllBatchNamesByDnameTestCase" time="0.104" classname="DrugTestCase"/>
  <testcase name="getDrugByIdTestCase" time="0.134" classname="DrugTestCase"/>
  <testcase name="approveDrugRequestTestCase" time="0.155" classname="DrugTestCase"/>
  <testcase name="getAllDosagesTestCase" time="0.015" classname="DrugTestCase"/>
  <testcase name="getDrugDetailsWithParamTestCase" time="0.108" classname="DrugTestCase"/>
  <testcase name="getDrugDetailsByCategoryTestCase" time="0.123" classname="DrugTestCase"/>
  <testcase name="getPrecriptionListbyDateTestCase" time="0.185" classname="DrugTestCase"/>
  <testcase name="getAllDrugNamesTestCase" time="0.135" classname="DrugTestCase"/>
  <testcase name="insertMailTestCase" time="0.123" classname="DrugTestCase"/>
</testsuite> <!-- DrugTestCase -->
