<?xml version="1.0" encoding="UTF-8"?>
<!-- Generated by org.testng.reporters.JUnitReportReporter -->
<testsuite hostname="NJCreationsLab" name="BedTestCase" tests="5" failures="0" timestamp="13 Mar 2017 10:46:42 GMT" time="0.296" errors="0">
  <testcase name="updateBedTestCase" time="0.018" classname="BedTestCase"/>
  <testcase name="addBedTestCase" time="0.030" classname="BedTestCase"/>
  <testcase name="getBedByWardNoAndBedNoTestCase" time="0.033" classname="BedTestCase"/>
  <testcase name="getAllBedByWardNoTestCase" time="0.192" classname="BedTestCase"/>
  <testcase name="getFreeBedByWardNoTestCase" time="0.023" classname="BedTestCase"/>
</testsuite> <!-- BedTestCase -->
