<?xml version="1.0" encoding="UTF-8"?>
<!-- Generated by org.testng.reporters.JUnitReportReporter -->
<testsuite hostname="NJCreationsLab" name="ParmacyTestCase" tests="2" failures="0" timestamp="13 Mar 2017 10:46:42 GMT" time="0.045" errors="0">
  <testcase name="addPharmacyTestCase" time="0.030" classname="ParmacyTestCase"/>
  <testcase name="loadPharmacyTestCase" time="0.015" classname="ParmacyTestCase"/>
</testsuite> <!-- ParmacyTestCase -->
