<?xml version="1.0" encoding="UTF-8"?>
<!-- Generated by org.testng.reporters.JUnitReportReporter -->
<testsuite hostname="NJCreationsLab" name="OpdAttachmentTestCase" tests="4" failures="0" timestamp="13 Mar 2017 10:46:42 GMT" time="0.375" errors="0">
  <testcase name="updateOpdAttachmentTestCase" time="0.003" classname="OpdAttachmentTestCase"/>
  <testcase name="getOpdTestRequestByAttachID" time="0.152" classname="OpdAttachmentTestCase"/>
  <testcase name="getOpdTestRequestByPID" time="0.128" classname="OpdAttachmentTestCase"/>
  <testcase name="addOpdAttachmentTestCase" time="0.092" classname="OpdAttachmentTestCase"/>
</testsuite> <!-- OpdAttachmentTestCase -->
