<?xml version="1.0" encoding="UTF-8"?>
<!-- Generated by org.testng.reporters.JUnitReportReporter -->
<testsuite hostname="NJCreationsLab" name="LabTestCase" tests="5" failures="0" timestamp="21 Mar 2017 07:10:54 GMT" time="4.658" errors="0">
  <testcase name="addLaboratoryTestCase" time="3.840" classname="LabTestCase"/>
  <testcase name="deleteLabTestCase" time="0.019" classname="LabTestCase"/>
  <testcase name="getAllLaboratoriesTestCase" time="0.051" classname="LabTestCase"/>
  <testcase name="updateLaboratoryTestCase" time="0.373" classname="LabTestCase"/>
  <testcase name="getLabTestRequestByID" time="0.375" classname="LabTestCase"/>
</testsuite> <!-- LabTestCase -->
