<?xml version="1.0" encoding="UTF-8"?>
<!-- Generated by org.testng.reporters.JUnitReportReporter -->
<testsuite hostname="NJCreationsLab" name="DiabeticChartTestCase" tests="3" failures="0" timestamp="13 Mar 2017 10:46:42 GMT" time="0.626" errors="0">
  <testcase name="addNewDiabeticchartDetailsTestCase" time="0.210" classname="DiabeticChartTestCase"/>
  <testcase name="getDiabeticChartByBHTNoTestCase" time="0.183" classname="DiabeticChartTestCase"/>
  <testcase name="getAllChartTestCase" time="0.233" classname="DiabeticChartTestCase"/>
</testsuite> <!-- DiabeticChartTestCase -->
