<?xml version="1.0" encoding="UTF-8"?>
<!-- Generated by org.testng.reporters.JUnitReportReporter -->
<testsuite hostname="NJCreationsLab" name="OpdQuestionnaireTestCase" tests="9" failures="0" timestamp="13 Mar 2017 10:46:42 GMT" time="0.552" errors="0">
  <testcase name="getOpdQuestionnaireByVisitType" time="0.015" classname="OpdQuestionnaireTestCase"/>
  <testcase name="getOpdAnswer" time="0.193" classname="OpdQuestionnaireTestCase"/>
  <testcase name="addOpdQuestionnaireTestCase" time="0.039" classname="OpdQuestionnaireTestCase"/>
  <testcase name="getOpdQuestionniareByQID" time="0.016" classname="OpdQuestionnaireTestCase"/>
  <testcase name="updateQuestionAnswerTestCase" time="0.000" classname="OpdQuestionnaireTestCase"/>
  <testcase name="getAllQuestionnaireTestCase" time="0.017" classname="OpdQuestionnaireTestCase"/>
  <testcase name="updateQuestionniareTestCase" time="0.005" classname="OpdQuestionnaireTestCase"/>
  <testcase name="getOpdQuestionByQID" time="0.013" classname="OpdQuestionnaireTestCase"/>
  <testcase name="saveOpdQuestionAnswer" time="0.254" classname="OpdQuestionnaireTestCase"/>
</testsuite> <!-- OpdQuestionnaireTestCase -->
