<?xml version="1.0" encoding="UTF-8"?>
<!-- Generated by org.testng.reporters.JUnitReportReporter -->
<testsuite hostname="NJCreationsLab" name="DiagnoseResourceTestcase" tests="2" failures="0" timestamp="23 Mar 2017 05:27:08 GMT" time="0.440" errors="0">
  <testcase name="getDiagnoseByBHTNo" time="0.204" classname="DiagnoseResourceTestcase"/>
  <testcase name="addDiagnose" time="0.236" classname="DiagnoseResourceTestcase"/>
</testsuite> <!-- DiagnoseResourceTestcase -->
