<?xml version="1.0" encoding="UTF-8"?>
<!-- Generated by org.testng.reporters.JUnitReportReporter -->
<testsuite hostname="NJCreationsLab" name="TestFieldsRangeTestCase" tests="3" failures="0" timestamp="23 Mar 2017 05:27:08 GMT" time="0.480" errors="0">
  <testcase name="getAllLabRangeTestCase" time="0.074" classname="TestFieldsRangeTestCase"/>
  <testcase name="addLabFieldRangeTestCase" time="0.155" classname="TestFieldsRangeTestCase"/>
  <testcase name="addLabFieldSubRangeTestCase" time="0.251" classname="TestFieldsRangeTestCase"/>
</testsuite> <!-- TestFieldsRangeTestCase -->
