<?xml version="1.0" encoding="UTF-8"?>
<!-- Generated by org.testng.reporters.JUnitReportReporter -->
<testsuite hostname="NJCreationsLab" name="TestFieldsRangeTestCase" tests="3" failures="0" timestamp="13 Feb 2017 07:35:19 GMT" time="0.445" errors="0">
  <testcase name="addLabFieldRangeTestCase" time="0.187" classname="TestFieldsRangeTestCase"/>
  <testcase name="addLabFieldSubRangeTestCase" time="0.193" classname="TestFieldsRangeTestCase"/>
  <testcase name="getAllLabRangeTestCase" time="0.065" classname="TestFieldsRangeTestCase"/>
</testsuite> <!-- TestFieldsRangeTestCase -->
