<?xml version="1.0" encoding="UTF-8"?>
<!-- Generated by org.testng.reporters.JUnitReportReporter -->
<testsuite hostname="NJCreationsLab" name="OpdLiveSearchTestCase" tests="2" failures="0" timestamp="13 Mar 2017 10:46:42 GMT" time="0.033" errors="0">
  <testcase name="getAllAllergyLiveTestCase" time="0.023" classname="OpdLiveSearchTestCase"/>
  <testcase name="getAllInjuryLiveTestCase" time="0.010" classname="OpdLiveSearchTestCase"/>
</testsuite> <!-- OpdLiveSearchTestCase -->
