<?xml version="1.0" encoding="UTF-8"?>
<!-- Generated by org.testng.reporters.JUnitReportReporter -->
<testsuite hostname="NJCreationsLab" name="CategoryTestCase" tests="4" failures="0" timestamp="23 Mar 2017 05:27:08 GMT" time="0.449" errors="0">
  <testcase name="getAllCategoriesTestCase" time="0.045" classname="CategoryTestCase"/>
  <testcase name="deleteCategoryTestCase" time="0.031" classname="CategoryTestCase"/>
  <testcase name="updateCategoriesDetailsTestCase" time="0.048" classname="CategoryTestCase"/>
  <testcase name="addNewCatDetailsTestCase" time="0.325" classname="CategoryTestCase"/>
</testsuite> <!-- CategoryTestCase -->
