<?xml version="1.0" encoding="UTF-8"?>
<!-- Generated by org.testng.reporters.JUnitReportReporter -->
<testsuite hostname="NJCreationsLab" name="OpdRecordTestCase" tests="4" failures="0" timestamp="13 Feb 2017 07:35:19 GMT" time="1.104" errors="0">
  <testcase name="addOpdRecordTestCase" time="0.266" classname="OpdRecordTestCase"/>
  <testcase name="updateOpdRecordTestCase" time="0.274" classname="OpdRecordTestCase"/>
  <testcase name="getOpdTestRequestByPatientID" time="0.318" classname="OpdRecordTestCase"/>
  <testcase name="getOpdRecordTestRequestByHID" time="0.246" classname="OpdRecordTestCase"/>
</testsuite> <!-- OpdRecordTestCase -->
