<?xml version="1.0" encoding="UTF-8"?>
<!-- Generated by org.testng.reporters.JUnitReportReporter -->
<testsuite hostname="NJCreationsLab" name="LabTestRequestFiltersTestCase" tests="3" failures="0" timestamp="23 Mar 2017 05:27:08 GMT" time="2.519" errors="0">
  <testcase name="getAllLabTestRequestByPIDTestCase" time="0.265" classname="LabTestRequestFiltersTestCase"/>
  <testcase name="getAllLabTestRequestByLocationTestCase" time="0.227" classname="LabTestRequestFiltersTestCase"/>
  <testcase name="getAllPatientsTestCase" time="2.027" classname="LabTestRequestFiltersTestCase"/>
</testsuite> <!-- LabTestRequestFiltersTestCase -->
