<?xml version="1.0" encoding="UTF-8"?>
<!-- Generated by org.testng.reporters.JUnitReportReporter -->
<testsuite hostname="NJCreationsLab" name="LabDepartmentsTestCase" tests="4" failures="0" timestamp="13 Feb 2017 07:35:19 GMT" time="5.809" errors="0">
  <testcase name="getAllLaboratoriesTestCase" time="0.049" classname="LabDepartmentsTestCase"/>
  <testcase name="insertLabDepartmentTestCase" time="5.638" classname="LabDepartmentsTestCase"/>
  <testcase name="deleteLabTypeTestCase" time="0.044" classname="LabDepartmentsTestCase"/>
  <testcase name="updateLabDepartmentTestCase" time="0.078" classname="LabDepartmentsTestCase"/>
</testsuite> <!-- LabDepartmentsTestCase -->
