<?xml version="1.0" encoding="UTF-8"?>
<!-- Generated by org.testng.reporters.JUnitReportReporter -->
<testsuite hostname="NJCreationsLab" name="ParentTestFieldsTestCase" tests="4" failures="0" timestamp="23 Mar 2017 05:27:08 GMT" time="0.533" errors="0">
  <testcase name="getAllLabParentTestCase" time="0.048" classname="ParentTestFieldsTestCase"/>
  <testcase name="getAllLabParentByIDTestCase" time="0.158" classname="ParentTestFieldsTestCase"/>
  <testcase name="addLabParentTestCase" time="0.295" classname="ParentTestFieldsTestCase"/>
  <testcase name="getMaxParentIDTestCase" time="0.032" classname="ParentTestFieldsTestCase"/>
</testsuite> <!-- ParentTestFieldsTestCase -->
