<?xml version="1.0" encoding="UTF-8"?>
<!-- Generated by org.testng.reporters.JUnitReportReporter -->
<testsuite hostname="NJCreationsLab" name="PCULabTestRequestTestCase" tests="7" failures="0" timestamp="23 Mar 2017 05:27:08 GMT" time="1.723" errors="0">
  <testcase name="addPcuLabTestRequestTestCase" time="0.323" classname="PCULabTestRequestTestCase"/>
  <testcase name="getPcuLabTestByReqID" time="0.249" classname="PCULabTestRequestTestCase"/>
  <testcase name="updatePCULabRequests" time="0.229" classname="PCULabTestRequestTestCase"/>
  <testcase name="deleteOPDLabTestRequest" time="0.248" classname="PCULabTestRequestTestCase"/>
  <testcase name="getAllPcuLabTestCase" time="0.037" classname="PCULabTestRequestTestCase"/>
  <testcase name="getPcuLabTestByPatientID" time="0.218" classname="PCULabTestRequestTestCase"/>
  <testcase name="getPcuLabTestByAdminID" time="0.419" classname="PCULabTestRequestTestCase"/>
</testsuite> <!-- PCULabTestRequestTestCase -->
