<?xml version="1.0" encoding="UTF-8"?>
<!-- Generated by org.testng.reporters.JUnitReportReporter -->
<testsuite hostname="NJCreationsLab" name="PrescriptionItemTestCase" tests="5" failures="0" timestamp="23 Mar 2017 05:27:08 GMT" time="1.213" errors="0">
  <testcase name="getMaxTermIdByUserId" time="0.284" classname="PrescriptionItemTestCase"/>
  <testcase name="AddPrescriptionItem" time="0.224" classname="PrescriptionItemTestCase"/>
  <testcase name="getPrescriptionItemByBHTno" time="0.282" classname="PrescriptionItemTestCase"/>
  <testcase name="UpdatePrescrptionItemTestCase" time="0.219" classname="PrescriptionItemTestCase"/>
  <testcase name="getPrescriptionItemByTermID" time="0.204" classname="PrescriptionItemTestCase"/>
</testsuite> <!-- PrescriptionItemTestCase -->
