<?xml version="1.0" encoding="UTF-8"?>
<!-- Generated by org.testng.reporters.JUnitReportReporter -->
<testsuite hostname="NJCreationsLab" name="AdmissionRequestResourceTestCase" tests="4" failures="0" timestamp="23 Mar 2017 05:27:08 GMT" time="1.336" errors="0">
  <testcase name="addAdmissionRequest" time="0.191" classname="AdmissionRequestResourceTestCase"/>
  <testcase name="getNotReadAdmissionRequestByWard" time="0.556" classname="AdmissionRequestResourceTestCase"/>
  <testcase name="getSelectAdmissionReq" time="0.247" classname="AdmissionRequestResourceTestCase"/>
  <testcase name="updateAdmissionRequest" time="0.342" classname="AdmissionRequestResourceTestCase"/>
</testsuite> <!-- AdmissionRequestResourceTestCase -->
