<?xml version="1.0" encoding="UTF-8"?>
<!-- Generated by org.testng.reporters.JUnitReportReporter -->
<testsuite hostname="NJCreationsLab" name="SpecimenRetentionTypeTestCase" tests="2" failures="0" timestamp="23 Mar 2017 05:27:08 GMT" time="0.171" errors="0">
  <testcase name="getAllSpecimenRetentionTypeByIdTestCase" time="0.138" classname="SpecimenRetentionTypeTestCase"/>
  <testcase name="getAllSpecimenRetentionTypeTestCase" time="0.033" classname="SpecimenRetentionTypeTestCase"/>
</testsuite> <!-- SpecimenRetentionTypeTestCase -->
