<?xml version="1.0" encoding="UTF-8"?>
<!-- Generated by org.testng.reporters.JUnitReportReporter -->
<testsuite hostname="NJCreationsLab" name="ExternalTransferResourseTestCase" tests="2" failures="0" timestamp="23 Mar 2017 05:27:08 GMT" time="0.066" errors="0">
  <testcase name="CreateExternalTransfer" time="0.042" classname="ExternalTransferResourseTestCase"/>
  <testcase name="getSelectInternalTransfer" time="0.024" classname="ExternalTransferResourseTestCase"/>
</testsuite> <!-- ExternalTransferResourseTestCase -->
