<?xml version="1.0" encoding="UTF-8"?>
<!-- Generated by org.testng.reporters.JUnitReportReporter -->
<testsuite hostname="NJCreationsLab" name="SubCategoryTestCase" tests="4" failures="0" timestamp="13 Feb 2017 07:35:19 GMT" time="0.288" errors="0">
  <testcase name="getAllSubCategoriesByIdTestCase" time="0.044" classname="SubCategoryTestCase"/>
  <testcase name="getAllSubCategoriesTestCase" time="0.083" classname="SubCategoryTestCase"/>
  <testcase name="updateSubCategoriesDetailsTestCase" time="0.129" classname="SubCategoryTestCase"/>
  <testcase name="deleteSubCategoryTestCase" time="0.032" classname="SubCategoryTestCase"/>
</testsuite> <!-- SubCategoryTestCase -->
