<?xml version="1.0" encoding="UTF-8"?>
<!-- Generated by org.testng.reporters.JUnitReportReporter -->
<testsuite hostname="NJCreationsLab" name="OpdRecordTestCase" tests="4" failures="0" timestamp="13 Mar 2017 10:46:41 GMT" time="0.925" errors="0">
  <testcase name="getOpdRecordTestRequestByHID" time="0.305" classname="OpdRecordTestCase"/>
  <testcase name="getOpdTestRequestByPatientID" time="0.203" classname="OpdRecordTestCase"/>
  <testcase name="addOpdRecordTestCase" time="0.153" classname="OpdRecordTestCase"/>
  <testcase name="updateOpdRecordTestCase" time="0.264" classname="OpdRecordTestCase"/>
</testsuite> <!-- OpdRecordTestCase -->
