<?xml version="1.0" encoding="UTF-8"?>
<!-- Generated by org.testng.reporters.JUnitReportReporter -->
<testsuite hostname="NJCreationsLab" name="SubTestFieldsResultsTestCase" tests="2" failures="0" timestamp="13 Mar 2017 10:46:42 GMT" time="0.165" errors="0">
  <testcase name="addSubFieldsResultsTestCase" time="0.134" classname="SubTestFieldsResultsTestCase"/>
  <testcase name="getAllLabSubResultsTestCase" time="0.031" classname="SubTestFieldsResultsTestCase"/>
</testsuite> <!-- SubTestFieldsResultsTestCase -->
