<?xml version="1.0" encoding="UTF-8"?>
<!-- Generated by org.testng.reporters.JUnitReportReporter -->
<testsuite hostname="NJCreationsLab" name="HinTestCase" tests="2" failures="0" timestamp="13 Mar 2017 10:46:42 GMT" time="1.304" errors="0">
  <testcase name="generateChekDigitTestCase" time="0.024" classname="HinTestCase"/>
  <testcase name="serialNumberForHinTestCase" time="1.280" classname="HinTestCase"/>
</testsuite> <!-- HinTestCase -->
