<?xml version="1.0" encoding="UTF-8"?>
<!-- Generated by org.testng.reporters.JUnitReportReporter -->
<testsuite hostname="NJCreationsLab" name="DrugTestCase" tests="29" failures="0" timestamp="13 Feb 2017 07:35:19 GMT" time="4.207" errors="0">
  <testcase name="getDrugDetailsWithParamTestCase" time="0.131" classname="DrugTestCase"/>
  <testcase name="getAllRequestsTestCase" time="0.176" classname="DrugTestCase"/>
  <testcase name="getAllBatchNamesByDnameTestCase" time="0.127" classname="DrugTestCase"/>
  <testcase name="getDrugByIdTestCase" time="0.129" classname="DrugTestCase"/>
  <testcase name="addFrequencyTestCase" time="0.026" classname="DrugTestCase"/>
  <testcase name="getAllDrugsTestCase" time="0.027" classname="DrugTestCase"/>
  <testcase name="getPrecriptionListbyDateTestCase" time="0.220" classname="DrugTestCase"/>
  <testcase name="insertDrugTestCase" time="0.110" classname="DrugTestCase"/>
  <testcase name="getDrugIdByDNameTestCase" time="0.133" classname="DrugTestCase"/>
  <testcase name="getDrugDetailsByDNameTestCase" time="0.155" classname="DrugTestCase"/>
  <testcase name="addDrugBatchTestCase" time="0.130" classname="DrugTestCase"/>
  <testcase name="updateFrequencyTestCase" time="0.035" classname="DrugTestCase"/>
  <testcase name="updateDrugTestCase" time="0.164" classname="DrugTestCase"/>
  <testcase name="getPharmFrequencyTestCase" time="0.118" classname="DrugTestCase"/>
  <testcase name="getAllDrugNamesTestCase" time="0.170" classname="DrugTestCase"/>
  <testcase name="getDrugDetailsByDrugNameTestCase" time="0.126" classname="DrugTestCase"/>
  <testcase name="updateDrugBatchTestCase" time="0.149" classname="DrugTestCase"/>
  <testcase name="getDrugByCategoryTestCase" time="0.125" classname="DrugTestCase"/>
  <testcase name="getDrugDetailsByCategoryTestCase" time="0.142" classname="DrugTestCase"/>
  <testcase name="getAllDosagesTestCase" time="0.043" classname="DrugTestCase"/>
  <testcase name="insertMailTestCase" time="0.144" classname="DrugTestCase"/>
  <testcase name="approveDrugRequestTestCase" time="0.171" classname="DrugTestCase"/>
  <testcase name="saveDosageTestCase" time="0.033" classname="DrugTestCase"/>
  <testcase name="requestDrugTestCase" time="0.257" classname="DrugTestCase"/>
  <testcase name="getDrugDetailsTestCase" time="0.110" classname="DrugTestCase"/>
  <testcase name="getAllDrugCategoriesTestCase" time="0.246" classname="DrugTestCase"/>
  <testcase name="getAllDrugReportsTestCase" time="0.150" classname="DrugTestCase"/>
  <testcase name="getMailHistoryTestCase" time="0.022" classname="DrugTestCase"/>
  <testcase name="dispenseDrugTestCase" time="0.638" classname="DrugTestCase"/>
</testsuite> <!-- DrugTestCase -->
