<?xml version="1.0" encoding="UTF-8"?>
<!-- Generated by org.testng.reporters.JUnitReportReporter -->
<testsuite hostname="NJCreationsLab" name="InwardNurseNoteTestCase" tests="4" failures="0" timestamp="23 Mar 2017 05:27:08 GMT" time="0.887" errors="0">
  <testcase name="AddInwardNurseNoteTestCase" time="0.197" classname="InwardNurseNoteTestCase"/>
  <testcase name="getNurseNote" time="0.250" classname="InwardNurseNoteTestCase"/>
  <testcase name="UpdateTermPrescrptionTestCase" time="0.208" classname="InwardNurseNoteTestCase"/>
  <testcase name="getDiabeticChartByBHTno" time="0.232" classname="InwardNurseNoteTestCase"/>
</testsuite> <!-- InwardNurseNoteTestCase -->
