<?xml version="1.0" encoding="UTF-8"?>
<!-- Generated by org.testng.reporters.JUnitReportReporter -->
<testsuite hostname="NJCreationsLab" name="AdmissionResourceTestCase" tests="9" failures="0" timestamp="13 Mar 2017 10:46:42 GMT" time="2.213" errors="0">
  <testcase name="getPatientInformationByBHTNoTestCase" time="0.211" classname="AdmissionResourceTestCase"/>
  <testcase name="addWardTestCase" time="0.221" classname="AdmissionResourceTestCase"/>
  <testcase name="getWardAdmissionByPatientIDTestCase" time="0.181" classname="AdmissionResourceTestCase"/>
  <testcase name="updateDischargeTestCase" time="0.228" classname="AdmissionResourceTestCase"/>
  <testcase name="getWardAdmissionDetailsByBHTNoTestCase" time="0.220" classname="AdmissionResourceTestCase"/>
  <testcase name="getWardAdmissionByWardNoTestCase" time="0.088" classname="AdmissionResourceTestCase"/>
  <testcase name="updateDischargeSignTestCase" time="0.272" classname="AdmissionResourceTestCase"/>
  <testcase name="getWardAdmissionTestCase" time="0.483" classname="AdmissionResourceTestCase"/>
  <testcase name="updateAdmissionBedNoTestCase" time="0.309" classname="AdmissionResourceTestCase"/>
</testsuite> <!-- AdmissionResourceTestCase -->
