<?xml version="1.0" encoding="UTF-8"?>
<!-- Generated by org.testng.reporters.JUnitReportReporter -->
<testsuite hostname="NJCreationsLab" name="SampleCenterTypeTestCase" tests="4" failures="0" timestamp="23 Mar 2017 05:27:08 GMT" time="0.287" errors="0">
  <testcase name="getAllSampleCenterTypesTestCase" time="0.031" classname="SampleCenterTypeTestCase"/>
  <testcase name="addSampleCenterTypeTestCase" time="0.068" classname="SampleCenterTypeTestCase"/>
  <testcase name="deleteSampleCenterTypeTestCase" time="0.113" classname="SampleCenterTypeTestCase"/>
  <testcase name="updateSampleCenterTypesTestCase" time="0.075" classname="SampleCenterTypeTestCase"/>
</testsuite> <!-- SampleCenterTypeTestCase -->
