<?xml version="1.0" encoding="UTF-8"?>
<!-- Generated by org.testng.reporters.JUnitReportReporter -->
<testsuite hostname="NJCreationsLab" name="OpdAttachmentTestCase" tests="4" failures="0" timestamp="13 Feb 2017 07:35:19 GMT" time="1.311" errors="0">
  <testcase name="getOpdTestRequestByAttachID" time="0.689" classname="OpdAttachmentTestCase"/>
  <testcase name="updateOpdAttachmentTestCase" time="0.025" classname="OpdAttachmentTestCase"/>
  <testcase name="getOpdTestRequestByPID" time="0.411" classname="OpdAttachmentTestCase"/>
  <testcase name="addOpdAttachmentTestCase" time="0.186" classname="OpdAttachmentTestCase"/>
</testsuite> <!-- OpdAttachmentTestCase -->
