<?xml version="1.0" encoding="UTF-8"?>
<!-- Generated by org.testng.reporters.JUnitReportReporter -->
<testsuite hostname="NJCreationsLab" name="SampleCenterTypeTestCase" tests="4" failures="0" timestamp="13 Feb 2017 07:35:19 GMT" time="0.155" errors="0">
  <testcase name="updateSampleCenterTypesTestCase" time="0.060" classname="SampleCenterTypeTestCase"/>
  <testcase name="deleteSampleCenterTypeTestCase" time="0.032" classname="SampleCenterTypeTestCase"/>
  <testcase name="getAllSampleCenterTypesTestCase" time="0.029" classname="SampleCenterTypeTestCase"/>
  <testcase name="addSampleCenterTypeTestCase" time="0.034" classname="SampleCenterTypeTestCase"/>
</testsuite> <!-- SampleCenterTypeTestCase -->
