<?xml version="1.0" encoding="UTF-8"?>
<!-- Generated by org.testng.reporters.JUnitReportReporter -->
<testsuite hostname="NJCreationsLab" name="AdmissionRequestResourceTestCase" tests="4" failures="0" timestamp="13 Mar 2017 10:46:42 GMT" time="1.182" errors="0">
  <testcase name="addAdmissionRequest" time="0.208" classname="AdmissionRequestResourceTestCase"/>
  <testcase name="getNotReadAdmissionRequestByWard" time="0.478" classname="AdmissionRequestResourceTestCase"/>
  <testcase name="getSelectAdmissionReq" time="0.215" classname="AdmissionRequestResourceTestCase"/>
  <testcase name="updateAdmissionRequest" time="0.281" classname="AdmissionRequestResourceTestCase"/>
</testsuite> <!-- AdmissionRequestResourceTestCase -->
