<?xml version="1.0" encoding="UTF-8"?>
<!-- Generated by org.testng.reporters.JUnitReportReporter -->
<testsuite hostname="NJCreationsLab" name="InternalTransferResourceTestCase" tests="6" failures="0" timestamp="13 Mar 2017 10:46:41 GMT" time="1.328" errors="0">
  <testcase name="getNotReadInternalTransferByWard" time="0.200" classname="InternalTransferResourceTestCase"/>
  <testcase name="CreateInternalTransfer" time="0.245" classname="InternalTransferResourceTestCase"/>
  <testcase name="getInternalTransferByBHTNo" time="0.258" classname="InternalTransferResourceTestCase"/>
  <testcase name="getSelectInternalTransfer" time="0.239" classname="InternalTransferResourceTestCase"/>
  <testcase name="updateInternalTransfer" time="0.216" classname="InternalTransferResourceTestCase"/>
  <testcase name="getInternalTransferByID" time="0.170" classname="InternalTransferResourceTestCase"/>
</testsuite> <!-- InternalTransferResourceTestCase -->
