<?xml version="1.0" encoding="UTF-8"?>
<!-- Generated by org.testng.reporters.JUnitReportReporter -->
<testsuite hostname="NJCreationsLab" name="OutPatientTestCase" tests="6" failures="0" timestamp="23 Mar 2017 05:27:08 GMT" time="3.350" errors="0">
  <testcase name="updateExamTestCase" time="0.308" classname="OutPatientTestCase"/>
  <testcase name="registerPatientTestCase" time="0.143" classname="OutPatientTestCase"/>
  <testcase name="getMaxPatientIDTestCase" time="0.027" classname="OutPatientTestCase"/>
  <testcase name="getAllPatientsTestCase" time="1.667" classname="OutPatientTestCase"/>
  <testcase name="PatientDetailsTestCase" time="0.093" classname="OutPatientTestCase"/>
  <testcase name="getPatientsForDoctorTestCase" time="1.112" classname="OutPatientTestCase"/>
</testsuite> <!-- OutPatientTestCase -->
