<?xml version="1.0" encoding="UTF-8"?>
<!-- Generated by org.testng.reporters.JUnitReportReporter -->
<testsuite hostname="NJCreationsLab" name="OpdRecordTestCase" tests="4" failures="0" timestamp="23 Mar 2017 05:27:08 GMT" time="0.886" errors="0">
  <testcase name="updateOpdRecordTestCase" time="0.267" classname="OpdRecordTestCase"/>
  <testcase name="addOpdRecordTestCase" time="0.222" classname="OpdRecordTestCase"/>
  <testcase name="getOpdTestRequestByPatientID" time="0.206" classname="OpdRecordTestCase"/>
  <testcase name="getOpdRecordTestRequestByHID" time="0.191" classname="OpdRecordTestCase"/>
</testsuite> <!-- OpdRecordTestCase -->
