<?xml version="1.0" encoding="UTF-8"?>
<!-- Generated by org.testng.reporters.JUnitReportReporter -->
<testsuite hostname="NJCreationsLab" name="OutPatientTestCase" tests="6" failures="0" timestamp="13 Feb 2017 07:35:19 GMT" time="4.061" errors="0">
  <testcase name="getPatientsForDoctorTestCase" time="1.477" classname="OutPatientTestCase"/>
  <testcase name="PatientDetailsTestCase" time="0.424" classname="OutPatientTestCase"/>
  <testcase name="updateExamTestCase" time="0.226" classname="OutPatientTestCase"/>
  <testcase name="registerPatientTestCase" time="0.132" classname="OutPatientTestCase"/>
  <testcase name="getMaxPatientIDTestCase" time="0.032" classname="OutPatientTestCase"/>
  <testcase name="getAllPatientsTestCase" time="1.770" classname="OutPatientTestCase"/>
</testsuite> <!-- OutPatientTestCase -->
