<?xml version="1.0" encoding="UTF-8"?>
<!-- Generated by org.testng.reporters.JUnitReportReporter -->
<testsuite hostname="NJCreationsLab" name="ParmacyTestCase" tests="2" failures="0" timestamp="13 Feb 2017 07:35:19 GMT" time="0.074" errors="0">
  <testcase name="loadPharmacyTestCase" time="0.031" classname="ParmacyTestCase"/>
  <testcase name="addPharmacyTestCase" time="0.043" classname="ParmacyTestCase"/>
</testsuite> <!-- ParmacyTestCase -->
