<?xml version="1.0" encoding="UTF-8"?>
<!-- Generated by org.testng.reporters.JUnitReportReporter -->
<testsuite hostname="NJCreationsLab" name="TestNamesTestCase" tests="5" failures="0" timestamp="13 Feb 2017 07:35:19 GMT" time="1.276" errors="0">
  <testcase name="deleteLabTestsTestCase" time="0.054" classname="TestNamesTestCase"/>
  <testcase name="insertLabTestsTestCase" time="0.260" classname="TestNamesTestCase"/>
  <testcase name="getMaxTestIDTestCase" time="0.034" classname="TestNamesTestCase"/>
  <testcase name="getAllLabTestsTestCase" time="0.619" classname="TestNamesTestCase"/>
  <testcase name="updateTestsTestCase" time="0.309" classname="TestNamesTestCase"/>
</testsuite> <!-- TestNamesTestCase -->
