<?xml version="1.0" encoding="UTF-8"?>
<!-- Generated by org.testng.reporters.JUnitReportReporter -->
<testsuite hostname="NJCreationsLab" name="CategoryTestCase" tests="4" failures="0" timestamp="13 Feb 2017 07:35:19 GMT" time="0.506" errors="0">
  <testcase name="deleteCategoryTestCase" time="0.031" classname="CategoryTestCase"/>
  <testcase name="addNewCatDetailsTestCase" time="0.375" classname="CategoryTestCase"/>
  <testcase name="updateCategoriesDetailsTestCase" time="0.071" classname="CategoryTestCase"/>
  <testcase name="getAllCategoriesTestCase" time="0.029" classname="CategoryTestCase"/>
</testsuite> <!-- CategoryTestCase -->
