<?xml version="1.0" encoding="UTF-8"?>
<!-- Generated by org.testng.reporters.JUnitReportReporter -->
<testsuite hostname="NJCreationsLab" name="PrescriptionTestCase" tests="4" failures="0" timestamp="13 Feb 2017 07:35:19 GMT" time="2.281" errors="0">
  <testcase name="updatePrescriptionTestCase" time="0.711" classname="PrescriptionTestCase"/>
  <testcase name="getPrescriptionsByPatientTestCase" time="0.386" classname="PrescriptionTestCase"/>
  <testcase name="addPrescriptionTestCase" time="0.920" classname="PrescriptionTestCase"/>
  <testcase name="getPrescriptionsByPrescriptionTestCase" time="0.264" classname="PrescriptionTestCase"/>
</testsuite> <!-- PrescriptionTestCase -->
