<?xml version="1.0" encoding="UTF-8"?>
<!-- Generated by org.testng.reporters.JUnitReportReporter -->
<testsuite hostname="NJCreationsLab" name="PrescriptionItemTestCase" tests="5" failures="0" timestamp="13 Mar 2017 10:46:41 GMT" time="1.196" errors="0">
  <testcase name="AddPrescriptionItem" time="0.223" classname="PrescriptionItemTestCase"/>
  <testcase name="getPrescriptionItemByBHTno" time="0.184" classname="PrescriptionItemTestCase"/>
  <testcase name="getPrescriptionItemByTermID" time="0.286" classname="PrescriptionItemTestCase"/>
  <testcase name="UpdatePrescrptionItemTestCase" time="0.241" classname="PrescriptionItemTestCase"/>
  <testcase name="getMaxTermIdByUserId" time="0.262" classname="PrescriptionItemTestCase"/>
</testsuite> <!-- PrescriptionItemTestCase -->
