<?xml version="1.0" encoding="UTF-8"?>
<!-- Generated by org.testng.reporters.JUnitReportReporter -->
<testsuite hostname="NJCreationsLab" name="PCULabTestRequestTestCase" tests="7" failures="0" timestamp="13 Feb 2017 07:35:19 GMT" time="2.348" errors="0">
  <testcase name="getPcuLabTestByPatientID" time="0.346" classname="PCULabTestRequestTestCase"/>
  <testcase name="getPcuLabTestByAdminID" time="0.395" classname="PCULabTestRequestTestCase"/>
  <testcase name="updatePCULabRequests" time="0.258" classname="PCULabTestRequestTestCase"/>
  <testcase name="addPcuLabTestRequestTestCase" time="0.479" classname="PCULabTestRequestTestCase"/>
  <testcase name="deleteOPDLabTestRequest" time="0.441" classname="PCULabTestRequestTestCase"/>
  <testcase name="getPcuLabTestByReqID" time="0.399" classname="PCULabTestRequestTestCase"/>
  <testcase name="getAllPcuLabTestCase" time="0.030" classname="PCULabTestRequestTestCase"/>
</testsuite> <!-- PCULabTestRequestTestCase -->
