<?xml version="1.0" encoding="UTF-8"?>
<!-- Generated by org.testng.reporters.JUnitReportReporter -->
<testsuite hostname="NJCreationsLab" name="SpecimenRetentionTypeTestCase" tests="2" failures="0" timestamp="13 Mar 2017 10:46:41 GMT" time="0.256" errors="0">
  <testcase name="getAllSpecimenRetentionTypeByIdTestCase" time="0.212" classname="SpecimenRetentionTypeTestCase"/>
  <testcase name="getAllSpecimenRetentionTypeTestCase" time="0.044" classname="SpecimenRetentionTypeTestCase"/>
</testsuite> <!-- SpecimenRetentionTypeTestCase -->
