<?xml version="1.0" encoding="UTF-8"?>
<!-- Generated by org.testng.reporters.JUnitReportReporter -->
<testsuite hostname="NJCreationsLab" name="SampleCenterTypeTestCase" tests="4" failures="0" timestamp="13 Mar 2017 10:46:42 GMT" time="0.145" errors="0">
  <testcase name="addSampleCenterTypeTestCase" time="0.040" classname="SampleCenterTypeTestCase"/>
  <testcase name="updateSampleCenterTypesTestCase" time="0.046" classname="SampleCenterTypeTestCase"/>
  <testcase name="deleteSampleCenterTypeTestCase" time="0.027" classname="SampleCenterTypeTestCase"/>
  <testcase name="getAllSampleCenterTypesTestCase" time="0.032" classname="SampleCenterTypeTestCase"/>
</testsuite> <!-- SampleCenterTypeTestCase -->
