<?xml version="1.0" encoding="UTF-8"?>
<!-- Generated by org.testng.reporters.JUnitReportReporter -->
<testsuite hostname="NJCreationsLab" name="OpdVisitTestCase" tests="7" failures="0" timestamp="23 Mar 2017 05:27:08 GMT" time="0.614" errors="0">
  <testcase name="getOpdVisitTestByVisitId" time="0.071" classname="OpdVisitTestCase"/>
  <testcase name="addOpdVisitTestCase" time="0.161" classname="OpdVisitTestCase"/>
  <testcase name="getOpdVisitTestRequestByVisitDate" time="0.089" classname="OpdVisitTestCase"/>
  <testcase name="getOpdVisitTestRequestByPID" time="0.083" classname="OpdVisitTestCase"/>
  <testcase name="getOpdVisitRecentRequestByPID" time="0.096" classname="OpdVisitTestCase"/>
  <testcase name="updateVisitTestCase" time="0.065" classname="OpdVisitTestCase"/>
  <testcase name="getOpdVisitForReports" time="0.049" classname="OpdVisitTestCase"/>
</testsuite> <!-- OpdVisitTestCase -->
