<?xml version="1.0" encoding="UTF-8"?>
<!-- Generated by org.testng.reporters.JUnitReportReporter -->
<testsuite hostname="NJCreationsLab" name="HinTestCase" tests="2" failures="0" timestamp="13 Feb 2017 07:35:19 GMT" time="1.554" errors="0">
  <testcase name="generateChekDigitTestCase" time="0.028" classname="HinTestCase"/>
  <testcase name="serialNumberForHinTestCase" time="1.526" classname="HinTestCase"/>
</testsuite> <!-- HinTestCase -->
