<?xml version="1.0" encoding="UTF-8"?>
<!-- Generated by org.testng.reporters.JUnitReportReporter -->
<testsuite hostname="NJCreationsLab" name="OPDLabTestRequestTestCase" tests="6" failures="0" timestamp="13 Feb 2017 07:35:19 GMT" time="2.884" errors="0">
  <testcase name="getOPDLabRequestsByPatient" time="0.414" classname="OPDLabTestRequestTestCase"/>
  <testcase name="deleteOPDLabTestRequest" time="0.437" classname="OPDLabTestRequestTestCase"/>
  <testcase name="updateOPDLabRequests" time="0.817" classname="OPDLabTestRequestTestCase"/>
  <testcase name="getOPDLabRequestsByVisit" time="0.458" classname="OPDLabTestRequestTestCase"/>
  <testcase name="getAllOPDLabTestRequests" time="0.297" classname="OPDLabTestRequestTestCase"/>
  <testcase name="addOPDLabTestRequest" time="0.461" classname="OPDLabTestRequestTestCase"/>
</testsuite> <!-- OPDLabTestRequestTestCase -->
