<?xml version="1.0" encoding="UTF-8"?>
<!-- Generated by org.testng.reporters.JUnitReportReporter -->
<testsuite hostname="NJCreationsLab" name="ExternalTransferResourseTestCase" tests="2" failures="0" timestamp="13 Mar 2017 10:46:42 GMT" time="0.057" errors="0">
  <testcase name="CreateExternalTransfer" time="0.048" classname="ExternalTransferResourseTestCase"/>
  <testcase name="getSelectInternalTransfer" time="0.009" classname="ExternalTransferResourseTestCase"/>
</testsuite> <!-- ExternalTransferResourseTestCase -->
