<?xml version="1.0" encoding="UTF-8"?>
<!-- Generated by org.testng.reporters.JUnitReportReporter -->
<testsuite hostname="NJCreationsLab" name="SubTestFieldsResultsTestCase" tests="2" failures="0" timestamp="13 Feb 2017 07:35:19 GMT" time="0.290" errors="0">
  <testcase name="addSubFieldsResultsTestCase" time="0.245" classname="SubTestFieldsResultsTestCase"/>
  <testcase name="getAllLabSubResultsTestCase" time="0.045" classname="SubTestFieldsResultsTestCase"/>
</testsuite> <!-- SubTestFieldsResultsTestCase -->
