<?xml version="1.0" encoding="UTF-8"?>
<!-- Generated by org.testng.reporters.JUnitReportReporter -->
<testsuite hostname="NJCreationsLab" name="SpecimenTypeTestCase" tests="2" failures="0" timestamp="23 Mar 2017 05:27:08 GMT" time="0.090" errors="0">
  <testcase name="getAllSpecimenTypeTestCase" time="0.059" classname="SpecimenTypeTestCase"/>
  <testcase name="getAllSpecimenTypeByIdTestCase" time="0.031" classname="SpecimenTypeTestCase"/>
</testsuite> <!-- SpecimenTypeTestCase -->
