<?xml version="1.0" encoding="UTF-8"?>
<!-- Generated by org.testng.reporters.JUnitReportReporter -->
<testsuite hostname="NJCreationsLab" name="SampleCenterTestCase" tests="5" failures="0" timestamp="13 Mar 2017 10:46:42 GMT" time="0.524" errors="0">
  <testcase name="getSampleCentersByLabTypeTestCase" time="0.080" classname="SampleCenterTestCase"/>
  <testcase name="getAllSampleCentersTestCase" time="0.088" classname="SampleCenterTestCase"/>
  <testcase name="addNewSampleCenterTestCase" time="0.108" classname="SampleCenterTestCase"/>
  <testcase name="updateSampleCenterDetailsTestCase" time="0.216" classname="SampleCenterTestCase"/>
  <testcase name="deleteSampleCenterTestCase" time="0.032" classname="SampleCenterTestCase"/>
</testsuite> <!-- SampleCenterTestCase -->
