<?xml version="1.0" encoding="UTF-8"?>
<!-- Generated by org.testng.reporters.JUnitReportReporter -->
<testsuite hostname="NJCreationsLab" name="TempreturechartTestcase" tests="3" failures="0" timestamp="23 Mar 2017 05:27:08 GMT" time="0.789" errors="0">
  <testcase name="TemperaturechartResource" time="0.348" classname="TempreturechartTestcase"/>
  <testcase name="getDiabeticChartByBHTNoTestCase" time="0.197" classname="TempreturechartTestcase"/>
  <testcase name="addNewTempchartDetails" time="0.244" classname="TempreturechartTestcase"/>
</testsuite> <!-- TempreturechartTestcase -->
