<?xml version="1.0" encoding="UTF-8"?>
<!-- Generated by org.testng.reporters.JUnitReportReporter -->
<testsuite hostname="NJCreationsLab" name="TempreturechartTestcase" tests="3" failures="0" timestamp="13 Mar 2017 10:46:41 GMT" time="0.650" errors="0">
  <testcase name="getDiabeticChartByBHTNoTestCase" time="0.177" classname="TempreturechartTestcase"/>
  <testcase name="TemperaturechartResource" time="0.222" classname="TempreturechartTestcase"/>
  <testcase name="addNewTempchartDetails" time="0.251" classname="TempreturechartTestcase"/>
</testsuite> <!-- TempreturechartTestcase -->
