<?xml version="1.0" encoding="UTF-8"?>
<!-- Generated by org.testng.reporters.JUnitReportReporter -->
<testsuite hostname="NJCreationsLab" name="LabTestCase" tests="5" failures="0" timestamp="23 Mar 2017 05:27:08 GMT" time="0.722" errors="0">
  <testcase name="deleteLabTestCase" time="0.031" classname="LabTestCase"/>
  <testcase name="getLabTestRequestByID" time="0.130" classname="LabTestCase"/>
  <testcase name="updateLaboratoryTestCase" time="0.330" classname="LabTestCase"/>
  <testcase name="getAllLaboratoriesTestCase" time="0.119" classname="LabTestCase"/>
  <testcase name="addLaboratoryTestCase" time="0.112" classname="LabTestCase"/>
</testsuite> <!-- LabTestCase -->
