<?xml version="1.0" encoding="UTF-8"?>
<!-- Generated by org.testng.reporters.JUnitReportReporter -->
<testsuite hostname="NJCreationsLab" name="PrescriptionTermTestCase" tests="3" failures="0" timestamp="13 Mar 2017 10:46:41 GMT" time="0.640" errors="0">
  <testcase name="AddPresceiptionTermTestCase" time="0.207" classname="PrescriptionTermTestCase"/>
  <testcase name="UpdateTermPrescrptionTestCase" time="0.234" classname="PrescriptionTermTestCase"/>
  <testcase name="getTermPrescriptionByBHTno" time="0.199" classname="PrescriptionTermTestCase"/>
</testsuite> <!-- PrescriptionTermTestCase -->
