<?xml version="1.0" encoding="UTF-8"?>
<!-- Generated by org.testng.reporters.JUnitReportReporter -->
<testsuite hostname="NJCreationsLab" name="MainResultsTestCase" tests="3" failures="0" timestamp="23 Mar 2017 05:27:08 GMT" time="2.299" errors="0">
  <testcase name="addMainResultsTestCase" time="0.929" classname="MainResultsTestCase"/>
  <testcase name="getAllMainResultsTestCase" time="0.934" classname="MainResultsTestCase"/>
  <testcase name="getAllSubCategoriesTestCase" time="0.436" classname="MainResultsTestCase"/>
</testsuite> <!-- MainResultsTestCase -->
