<?xml version="1.0" encoding="UTF-8"?>
<!-- Generated by org.testng.reporters.JUnitReportReporter -->
<testsuite hostname="NJCreationsLab" name="WardTestCase" tests="5" failures="0" timestamp="23 Mar 2017 05:27:08 GMT" time="0.126" errors="0">
  <testcase name="getWardByWardNoTestCase" time="0.008" classname="WardTestCase"/>
  <testcase name="DeleteWardTestCase" time="0.031" classname="WardTestCase"/>
  <testcase name="getWardTestCase" time="0.033" classname="WardTestCase"/>
  <testcase name="AddWardTestCase" time="0.023" classname="WardTestCase"/>
  <testcase name="updateWardDetailsTestCase" time="0.031" classname="WardTestCase"/>
</testsuite> <!-- WardTestCase -->
