<?xml version="1.0" encoding="UTF-8"?>
<!-- Generated by org.testng.reporters.JUnitReportReporter -->
<testsuite hostname="NJCreationsLab" name="LiquidBalanceTestCase" tests="3" failures="0" timestamp="23 Mar 2017 05:27:08 GMT" time="0.674" errors="0">
  <testcase name="addNewchartDetails" time="0.238" classname="LiquidBalanceTestCase"/>
  <testcase name="getChartDetails" time="0.229" classname="LiquidBalanceTestCase"/>
  <testcase name="getDiabeticChartByBHTNo" time="0.207" classname="LiquidBalanceTestCase"/>
</testsuite> <!-- LiquidBalanceTestCase -->
