<?xml version="1.0" encoding="UTF-8"?>
<!-- Generated by org.testng.reporters.JUnitReportReporter -->
<testsuite hostname="NJCreationsLab" name="SpecimenTypeTestCase" tests="2" failures="0" timestamp="13 Mar 2017 10:46:42 GMT" time="0.086" errors="0">
  <testcase name="getAllSpecimenTypeByIdTestCase" time="0.055" classname="SpecimenTypeTestCase"/>
  <testcase name="getAllSpecimenTypeTestCase" time="0.031" classname="SpecimenTypeTestCase"/>
</testsuite> <!-- SpecimenTypeTestCase -->
