<?xml version="1.0" encoding="UTF-8"?>
<!-- Generated by org.testng.reporters.JUnitReportReporter -->
<testsuite hostname="NJCreationsLab" name="InwardNurseNoteTestCase" tests="4" failures="0" timestamp="13 Mar 2017 10:46:42 GMT" time="0.784" errors="0">
  <testcase name="AddInwardNurseNoteTestCase" time="0.194" classname="InwardNurseNoteTestCase"/>
  <testcase name="getDiabeticChartByBHTno" time="0.169" classname="InwardNurseNoteTestCase"/>
  <testcase name="UpdateTermPrescrptionTestCase" time="0.204" classname="InwardNurseNoteTestCase"/>
  <testcase name="getNurseNote" time="0.217" classname="InwardNurseNoteTestCase"/>
</testsuite> <!-- InwardNurseNoteTestCase -->
