<?xml version="1.0" encoding="UTF-8"?>
<!-- Generated by org.testng.reporters.JUnitReportReporter -->
<testsuite hostname="NJCreationsLab" name="OutPatientTestCase" tests="6" failures="0" timestamp="13 Mar 2017 10:46:42 GMT" time="2.725" errors="0">
  <testcase name="PatientDetailsTestCase" time="0.090" classname="OutPatientTestCase"/>
  <testcase name="getAllPatientsTestCase" time="1.269" classname="OutPatientTestCase"/>
  <testcase name="registerPatientTestCase" time="0.118" classname="OutPatientTestCase"/>
  <testcase name="getPatientsForDoctorTestCase" time="1.095" classname="OutPatientTestCase"/>
  <testcase name="getMaxPatientIDTestCase" time="0.036" classname="OutPatientTestCase"/>
  <testcase name="updateExamTestCase" time="0.117" classname="OutPatientTestCase"/>
</testsuite> <!-- OutPatientTestCase -->
