<?xml version="1.0" encoding="UTF-8"?>
<!-- Generated by org.testng.reporters.JUnitReportReporter -->
<testsuite hostname="NJCreationsLab" name="LabTypeTestCase" tests="3" failures="0" timestamp="13 Feb 2017 07:35:19 GMT" time="0.502" errors="0">
  <testcase name="insertLabTypeTestCase" time="0.093" classname="LabTypeTestCase"/>
  <testcase name="deleteLabTypeTestCase" time="0.039" classname="LabTypeTestCase"/>
  <testcase name="updateLabTypeTestCase" time="0.370" classname="LabTypeTestCase"/>
</testsuite> <!-- LabTypeTestCase -->
