<?xml version="1.0" encoding="UTF-8"?>
<!-- Generated by org.testng.reporters.JUnitReportReporter -->
<testsuite hostname="NJCreationsLab" name="ParentTestFieldsTestCase" tests="4" failures="0" timestamp="13 Mar 2017 10:46:42 GMT" time="0.386" errors="0">
  <testcase name="getMaxParentIDTestCase" time="0.051" classname="ParentTestFieldsTestCase"/>
  <testcase name="getAllLabParentTestCase" time="0.037" classname="ParentTestFieldsTestCase"/>
  <testcase name="getAllLabParentByIDTestCase" time="0.146" classname="ParentTestFieldsTestCase"/>
  <testcase name="addLabParentTestCase" time="0.152" classname="ParentTestFieldsTestCase"/>
</testsuite> <!-- ParentTestFieldsTestCase -->
