<?xml version="1.0" encoding="UTF-8"?>
<!-- Generated by org.testng.reporters.JUnitReportReporter -->
<testsuite hostname="NJCreationsLab" name="DrugTestCase" tests="29" failures="0" timestamp="23 Mar 2017 05:27:08 GMT" time="3.871" errors="0">
  <testcase name="getAllDrugNamesTestCase" time="0.192" classname="DrugTestCase"/>
  <testcase name="getDrugDetailsByCategoryTestCase" time="0.139" classname="DrugTestCase"/>
  <testcase name="getAllDrugCategoriesTestCase" time="0.239" classname="DrugTestCase"/>
  <testcase name="updateFrequencyTestCase" time="0.027" classname="DrugTestCase"/>
  <testcase name="saveDosageTestCase" time="0.025" classname="DrugTestCase"/>
  <testcase name="getPrecriptionListbyDateTestCase" time="0.175" classname="DrugTestCase"/>
  <testcase name="insertMailTestCase" time="0.164" classname="DrugTestCase"/>
  <testcase name="getAllBatchNamesByDnameTestCase" time="0.089" classname="DrugTestCase"/>
  <testcase name="getDrugDetailsWithParamTestCase" time="0.129" classname="DrugTestCase"/>
  <testcase name="getAllDrugsTestCase" time="0.025" classname="DrugTestCase"/>
  <testcase name="getMailHistoryTestCase" time="0.026" classname="DrugTestCase"/>
  <testcase name="getDrugDetailsTestCase" time="0.125" classname="DrugTestCase"/>
  <testcase name="getDrugDetailsByDNameTestCase" time="0.243" classname="DrugTestCase"/>
  <testcase name="getPharmFrequencyTestCase" time="0.114" classname="DrugTestCase"/>
  <testcase name="getAllDrugReportsTestCase" time="0.116" classname="DrugTestCase"/>
  <testcase name="updateDrugTestCase" time="0.181" classname="DrugTestCase"/>
  <testcase name="requestDrugTestCase" time="0.172" classname="DrugTestCase"/>
  <testcase name="getAllDosagesTestCase" time="0.027" classname="DrugTestCase"/>
  <testcase name="approveDrugRequestTestCase" time="0.123" classname="DrugTestCase"/>
  <testcase name="insertDrugTestCase" time="0.106" classname="DrugTestCase"/>
  <testcase name="dispenseDrugTestCase" time="0.574" classname="DrugTestCase"/>
  <testcase name="getDrugByCategoryTestCase" time="0.123" classname="DrugTestCase"/>
  <testcase name="getAllRequestsTestCase" time="0.105" classname="DrugTestCase"/>
  <testcase name="addFrequencyTestCase" time="0.012" classname="DrugTestCase"/>
  <testcase name="getDrugDetailsByDrugNameTestCase" time="0.132" classname="DrugTestCase"/>
  <testcase name="getDrugByIdTestCase" time="0.106" classname="DrugTestCase"/>
  <testcase name="updateDrugBatchTestCase" time="0.142" classname="DrugTestCase"/>
  <testcase name="addDrugBatchTestCase" time="0.116" classname="DrugTestCase"/>
  <testcase name="getDrugIdByDNameTestCase" time="0.124" classname="DrugTestCase"/>
</testsuite> <!-- DrugTestCase -->
