<?xml version="1.0" encoding="UTF-8"?>
<!-- Generated by org.testng.reporters.JUnitReportReporter -->
<testsuite hostname="Thirumagal-PC" name="SubTestFieldResultsTestCase" tests="2" failures="0" timestamp="5 Dec 2016 04:58:36 GMT" time="0.052" errors="0">
  <testcase name="addNewSubTestFieldResultsTestCase" time="0.036" classname="SubTestFieldResultsTestCase"/>
  <testcase name="getAllSubTestFieldsResultsTestCase" time="0.016" classname="SubTestFieldResultsTestCase"/>
</testsuite> <!-- SubTestFieldResultsTestCase -->
