<?xml version="1.0" encoding="UTF-8"?>
<!-- Generated by org.testng.reporters.JUnitReportReporter -->
<testsuite hostname="NJCreationsLab" name="LabTestRequestTestCase" tests="10" failures="0" timestamp="13 Mar 2017 10:46:42 GMT" time="1.340" errors="0">
  <testcase name="getSpecimenByRequestIDTestCase" time="0.032" classname="LabTestRequestTestCase"/>
  <testcase name="getRequestsByPatientIDTestCase" time="0.148" classname="LabTestRequestTestCase"/>
  <testcase name="getTestRequestByRequestIDTestCase" time="0.078" classname="LabTestRequestTestCase"/>
  <testcase name="getAllTestRequestsTestCase" time="0.507" classname="LabTestRequestTestCase"/>
  <testcase name="addNewLabTestRequestTestCase" time="0.261" classname="LabTestRequestTestCase"/>
  <testcase name="getSpecimenIDByRequestIDTestCase" time="0.029" classname="LabTestRequestTestCase"/>
  <testcase name="getAllSpecimenTypeTestCase" time="0.016" classname="LabTestRequestTestCase"/>
  <testcase name="getAllSpecimenRetTypesTestCase" time="0.039" classname="LabTestRequestTestCase"/>
  <testcase name="setStatusTestCase" time="0.073" classname="LabTestRequestTestCase"/>
  <testcase name="addSpecimenInfoTestCase" time="0.157" classname="LabTestRequestTestCase"/>
</testsuite> <!-- LabTestRequestTestCase -->
