<?xml version="1.0" encoding="UTF-8"?>
<!-- Generated by org.testng.reporters.JUnitReportReporter -->
<testsuite hostname="NJCreationsLab" name="SubTestFieldsTestCase" tests="4" failures="0" timestamp="13 Feb 2017 07:35:19 GMT" time="0.279" errors="0">
  <testcase name="GetMaxSubTestFieldTestCase" time="0.029" classname="SubTestFieldsTestCase"/>
  <testcase name="addNewSubTestFieldTestCase" time="0.109" classname="SubTestFieldsTestCase"/>
  <testcase name="getAllSubTestFieldsTestCase" time="0.039" classname="SubTestFieldsTestCase"/>
  <testcase name="GetTestSubFieldsTestCase" time="0.102" classname="SubTestFieldsTestCase"/>
</testsuite> <!-- SubTestFieldsTestCase -->
