<?xml version="1.0" encoding="UTF-8"?>
<!-- Generated by org.testng.reporters.JUnitReportReporter -->
<testsuite hostname="NJCreationsLab" name="AdmissionResourceTestCase" tests="9" failures="0" timestamp="23 Mar 2017 05:27:08 GMT" time="2.304" errors="0">
  <testcase name="addWardTestCase" time="0.190" classname="AdmissionResourceTestCase"/>
  <testcase name="getPatientInformationByBHTNoTestCase" time="0.273" classname="AdmissionResourceTestCase"/>
  <testcase name="updateDischargeSignTestCase" time="0.249" classname="AdmissionResourceTestCase"/>
  <testcase name="getWardAdmissionByWardNoTestCase" time="0.091" classname="AdmissionResourceTestCase"/>
  <testcase name="getWardAdmissionByPatientIDTestCase" time="0.228" classname="AdmissionResourceTestCase"/>
  <testcase name="updateAdmissionBedNoTestCase" time="0.363" classname="AdmissionResourceTestCase"/>
  <testcase name="getWardAdmissionDetailsByBHTNoTestCase" time="0.225" classname="AdmissionResourceTestCase"/>
  <testcase name="getWardAdmissionTestCase" time="0.425" classname="AdmissionResourceTestCase"/>
  <testcase name="updateDischargeTestCase" time="0.260" classname="AdmissionResourceTestCase"/>
</testsuite> <!-- AdmissionResourceTestCase -->
