<?xml version="1.0" encoding="UTF-8"?>
<!-- Generated by org.testng.reporters.JUnitReportReporter -->
<testsuite hostname="NJCreationsLab" name="OpdVisitTestCase" tests="7" failures="0" timestamp="13 Mar 2017 10:46:41 GMT" time="0.541" errors="0">
  <testcase name="getOpdVisitRecentRequestByPID" time="0.073" classname="OpdVisitTestCase"/>
  <testcase name="updateVisitTestCase" time="0.088" classname="OpdVisitTestCase"/>
  <testcase name="getOpdVisitForReports" time="0.050" classname="OpdVisitTestCase"/>
  <testcase name="getOpdVisitTestRequestByPID" time="0.072" classname="OpdVisitTestCase"/>
  <testcase name="getOpdVisitTestByVisitId" time="0.047" classname="OpdVisitTestCase"/>
  <testcase name="getOpdVisitTestRequestByVisitDate" time="0.087" classname="OpdVisitTestCase"/>
  <testcase name="addOpdVisitTestCase" time="0.124" classname="OpdVisitTestCase"/>
</testsuite> <!-- OpdVisitTestCase -->
