<?xml version="1.0" encoding="UTF-8"?>
<!-- Generated by org.testng.reporters.JUnitReportReporter -->
<testsuite hostname="NJCreationsLab" name="LabDepartmentsTestCase" tests="4" failures="0" timestamp="23 Mar 2017 05:27:08 GMT" time="0.431" errors="0">
  <testcase name="deleteLabTypeTestCase" time="0.037" classname="LabDepartmentsTestCase"/>
  <testcase name="insertLabDepartmentTestCase" time="0.283" classname="LabDepartmentsTestCase"/>
  <testcase name="getAllLaboratoriesTestCase" time="0.034" classname="LabDepartmentsTestCase"/>
  <testcase name="updateLabDepartmentTestCase" time="0.077" classname="LabDepartmentsTestCase"/>
</testsuite> <!-- LabDepartmentsTestCase -->
