<?xml version="1.0" encoding="UTF-8"?>
<!-- Generated by org.testng.reporters.JUnitReportReporter -->
<testsuite hostname="NJCreationsLab" name="DiagnoseResourceTestcase" tests="2" failures="0" timestamp="13 Mar 2017 10:46:41 GMT" time="0.443" errors="0">
  <testcase name="addDiagnose" time="0.219" classname="DiagnoseResourceTestcase"/>
  <testcase name="getDiagnoseByBHTNo" time="0.224" classname="DiagnoseResourceTestcase"/>
</testsuite> <!-- DiagnoseResourceTestcase -->
