<?xml version="1.0" encoding="UTF-8"?>
<!-- Generated by org.testng.reporters.JUnitReportReporter -->
<testsuite hostname="Thirumagal-PC" name="OpdVisit" tests="7" failures="0" timestamp="9 Dec 2016 08:26:13 GMT" time="0.234" errors="0">
  <testcase name="getOpdVisitTestRequestByPID" time="0.024" classname="OpdVisit"/>
  <testcase name="addOpdVisitTestCase" time="0.043" classname="OpdVisit"/>
  <testcase name="getOpdVisitTestRequestByVisitDate" time="0.028" classname="OpdVisit"/>
  <testcase name="getOpdVisitTestByVisitId" time="0.041" classname="OpdVisit"/>
  <testcase name="getOpdVisitForReports" time="0.025" classname="OpdVisit"/>
  <testcase name="getOpdVisitRecentRequestByPID" time="0.033" classname="OpdVisit"/>
  <testcase name="updateVisitTestCase" time="0.040" classname="OpdVisit"/>
</testsuite> <!-- OpdVisit -->
