<?xml version="1.0" encoding="UTF-8"?>
<!-- Generated by org.testng.reporters.JUnitReportReporter -->
<testsuite hostname="NJCreationsLab" name="ExamsTestCase" tests="4" failures="0" timestamp="13 Mar 2017 10:46:42 GMT" time="0.697" errors="0">
  <testcase name="addExamTestCase" time="0.198" classname="ExamsTestCase"/>
  <testcase name="updateExamTestCase" time="0.216" classname="ExamsTestCase"/>
  <testcase name="getExamsbyExamIdTestCase" time="0.174" classname="ExamsTestCase"/>
  <testcase name="getExamsbyVisitIdTestCase" time="0.109" classname="ExamsTestCase"/>
</testsuite> <!-- ExamsTestCase -->
