<?xml version="1.0" encoding="UTF-8"?>
<!-- Generated by org.testng.reporters.JUnitReportReporter -->
<testsuite hostname="NJCreationsLab" name="AllergyTestCase" tests="4" failures="0" timestamp="23 Mar 2017 05:27:08 GMT" time="0.822" errors="0">
  <testcase name="updateAllergyTestCase" time="0.217" classname="AllergyTestCase"/>
  <testcase name="addAllergyTestCase" time="0.231" classname="AllergyTestCase"/>
  <testcase name="getAllergiesByAllergyIdTestCase" time="0.219" classname="AllergyTestCase"/>
  <testcase name="getAllergiesByPatientTestCase" time="0.155" classname="AllergyTestCase"/>
</testsuite> <!-- AllergyTestCase -->
