<?xml version="1.0" encoding="UTF-8"?>
<!-- Generated by org.testng.reporters.JUnitReportReporter -->
<testsuite hostname="NJCreationsLab" name="OpdQuestionnaireTestCase" tests="9" failures="0" timestamp="13 Feb 2017 07:35:19 GMT" time="0.817" errors="0">
  <testcase name="getAllQuestionnaireTestCase" time="0.012" classname="OpdQuestionnaireTestCase"/>
  <testcase name="getOpdAnswer" time="0.339" classname="OpdQuestionnaireTestCase"/>
  <testcase name="getOpdQuestionByQID" time="0.015" classname="OpdQuestionnaireTestCase"/>
  <testcase name="updateQuestionAnswerTestCase" time="0.009" classname="OpdQuestionnaireTestCase"/>
  <testcase name="addOpdQuestionnaireTestCase" time="0.038" classname="OpdQuestionnaireTestCase"/>
  <testcase name="updateQuestionniareTestCase" time="0.006" classname="OpdQuestionnaireTestCase"/>
  <testcase name="getOpdQuestionniareByQID" time="0.015" classname="OpdQuestionnaireTestCase"/>
  <testcase name="getOpdQuestionnaireByVisitType" time="0.015" classname="OpdQuestionnaireTestCase"/>
  <testcase name="saveOpdQuestionAnswer" time="0.368" classname="OpdQuestionnaireTestCase"/>
</testsuite> <!-- OpdQuestionnaireTestCase -->
