<?xml version="1.0" encoding="UTF-8"?>
<!-- Generated by org.testng.reporters.JUnitReportReporter -->
<testsuite hostname="Thirumagal-PC" name="DrugTestResource" tests="4" failures="0" timestamp="9 Dec 2016 07:11:29 GMT" time="0.215" errors="0">
  <testcase name="getAllDrugNamesTestCase" time="0.043" classname="DrugTestResource"/>
  <testcase name="updateDrugBatchTestCase" time="0.043" classname="DrugTestResource"/>
  <testcase name="insertDrugTestCase" time="0.069" classname="DrugTestResource"/>
  <testcase name="addDrugBatchTestCase" time="0.060" classname="DrugTestResource"/>
</testsuite> <!-- DrugTestResource -->
