<?xml version="1.0" encoding="UTF-8"?>
<!-- Generated by org.testng.reporters.JUnitReportReporter -->
<testsuite hostname="NJCreationsLab" name="OpdQueueTestCase" tests="13" failures="0" timestamp="13 Mar 2017 10:46:42 GMT" time="1.653" errors="0">
  <testcase name="getOpdGetQueueType" time="0.000" classname="OpdQueueTestCase"/>
  <testcase name="getOpdQueueIsPatientInByPID" time="0.201" classname="OpdQueueTestCase"/>
  <testcase name="getOpdQueueCurrentInByDID" time="0.063" classname="OpdQueueTestCase"/>
  <testcase name="getOpdQueueTreatedByUID" time="0.068" classname="OpdQueueTestCase"/>
  <testcase name="getOpdQueueRediectByUID" time="0.113" classname="OpdQueueTestCase"/>
  <testcase name="getOpdQueueNextAssignByPID" time="0.322" classname="OpdQueueTestCase"/>
  <testcase name="getOpdHoldQuiueByUID" time="0.016" classname="OpdQueueTestCase"/>
  <testcase name="getOpdQueueStatusByUID" time="0.015" classname="OpdQueueTestCase"/>
  <testcase name="getOpdQueueCheckoutByPID" time="0.291" classname="OpdQueueTestCase"/>
  <testcase name="getOpdQueueCheckinByPID" time="0.211" classname="OpdQueueTestCase"/>
  <testcase name="addOpdQueueTestCase" time="0.242" classname="OpdQueueTestCase"/>
  <testcase name="getOpdSetQueue" time="0.000" classname="OpdQueueTestCase"/>
  <testcase name="getOpdQueueTestRequestByUID" time="0.111" classname="OpdQueueTestCase"/>
</testsuite> <!-- OpdQueueTestCase -->
