<?xml version="1.0" encoding="UTF-8"?>
<!-- Generated by org.testng.reporters.JUnitReportReporter -->
<testsuite hostname="NJCreationsLab" name="OPDLabTestRequestTestCase" tests="6" failures="0" timestamp="23 Mar 2017 05:27:08 GMT" time="1.806" errors="0">
  <testcase name="deleteOPDLabTestRequest" time="0.330" classname="OPDLabTestRequestTestCase"/>
  <testcase name="getOPDLabRequestsByPatient" time="0.293" classname="OPDLabTestRequestTestCase"/>
  <testcase name="getOPDLabRequestsByVisit" time="0.292" classname="OPDLabTestRequestTestCase"/>
  <testcase name="getAllOPDLabTestRequests" time="0.257" classname="OPDLabTestRequestTestCase"/>
  <testcase name="addOPDLabTestRequest" time="0.369" classname="OPDLabTestRequestTestCase"/>
  <testcase name="updateOPDLabRequests" time="0.265" classname="OPDLabTestRequestTestCase"/>
</testsuite> <!-- OPDLabTestRequestTestCase -->
