<?xml version="1.0" encoding="UTF-8"?>
<!-- Generated by org.testng.reporters.JUnitReportReporter -->
<testsuite hostname="NJCreationsLab" name="LiquidBalanceTestCase" tests="3" failures="0" timestamp="13 Mar 2017 10:46:41 GMT" time="0.686" errors="0">
  <testcase name="getChartDetails" time="0.262" classname="LiquidBalanceTestCase"/>
  <testcase name="getDiabeticChartByBHTNo" time="0.159" classname="LiquidBalanceTestCase"/>
  <testcase name="addNewchartDetails" time="0.265" classname="LiquidBalanceTestCase"/>
</testsuite> <!-- LiquidBalanceTestCase -->
