<?xml version="1.0" encoding="UTF-8"?>
<!-- Generated by org.testng.reporters.JUnitReportReporter -->
<testsuite hostname="NJCreationsLab" name="OpdQuestionnaireTestCase" tests="9" failures="0" timestamp="23 Mar 2017 05:27:08 GMT" time="0.807" errors="0">
  <testcase name="updateQuestionniareTestCase" time="0.010" classname="OpdQuestionnaireTestCase"/>
  <testcase name="getOpdAnswer" time="0.414" classname="OpdQuestionnaireTestCase"/>
  <testcase name="updateQuestionAnswerTestCase" time="0.007" classname="OpdQuestionnaireTestCase"/>
  <testcase name="getOpdQuestionnaireByVisitType" time="0.017" classname="OpdQuestionnaireTestCase"/>
  <testcase name="saveOpdQuestionAnswer" time="0.303" classname="OpdQuestionnaireTestCase"/>
  <testcase name="addOpdQuestionnaireTestCase" time="0.024" classname="OpdQuestionnaireTestCase"/>
  <testcase name="getOpdQuestionByQID" time="0.016" classname="OpdQuestionnaireTestCase"/>
  <testcase name="getAllQuestionnaireTestCase" time="0.016" classname="OpdQuestionnaireTestCase"/>
  <testcase name="getOpdQuestionniareByQID" time="0.000" classname="OpdQuestionnaireTestCase"/>
</testsuite> <!-- OpdQuestionnaireTestCase -->
