<?xml version="1.0" encoding="UTF-8"?>
<!-- Generated by org.testng.reporters.JUnitReportReporter -->
<testsuite hostname="NJCreationsLab" name="DiabeticChartTestCase" tests="3" failures="0" timestamp="23 Mar 2017 05:27:08 GMT" time="0.768" errors="0">
  <testcase name="addNewDiabeticchartDetailsTestCase" time="0.225" classname="DiabeticChartTestCase"/>
  <testcase name="getDiabeticChartByBHTNoTestCase" time="0.270" classname="DiabeticChartTestCase"/>
  <testcase name="getAllChartTestCase" time="0.273" classname="DiabeticChartTestCase"/>
</testsuite> <!-- DiabeticChartTestCase -->
