<?xml version="1.0" encoding="UTF-8"?>
<!-- Generated by org.testng.reporters.JUnitReportReporter -->
<testsuite hostname="NJCreationsLab" name="MainResultsTestCase" tests="3" failures="0" timestamp="13 Mar 2017 10:46:42 GMT" time="2.106" errors="0">
  <testcase name="getAllMainResultsTestCase" time="0.794" classname="MainResultsTestCase"/>
  <testcase name="getAllSubCategoriesTestCase" time="0.326" classname="MainResultsTestCase"/>
  <testcase name="addMainResultsTestCase" time="0.986" classname="MainResultsTestCase"/>
</testsuite> <!-- MainResultsTestCase -->
