<?xml version="1.0" encoding="UTF-8"?>
<!-- Generated by org.testng.reporters.JUnitReportReporter -->
<testsuite hostname="NJCreationsLab" name="OpdQueueTestCase" tests="13" failures="0" timestamp="13 Feb 2017 07:35:19 GMT" time="3.396" errors="0">
  <testcase name="getOpdQueueCheckoutByPID" time="0.156" classname="OpdQueueTestCase"/>
  <testcase name="getOpdQueueCurrentInByDID" time="0.066" classname="OpdQueueTestCase"/>
  <testcase name="getOpdQueueCheckinByPID" time="0.184" classname="OpdQueueTestCase"/>
  <testcase name="getOpdQueueRediectByUID" time="1.187" classname="OpdQueueTestCase"/>
  <testcase name="getOpdSetQueue" time="0.006" classname="OpdQueueTestCase"/>
  <testcase name="getOpdHoldQuiueByUID" time="0.023" classname="OpdQueueTestCase"/>
  <testcase name="addOpdQueueTestCase" time="0.866" classname="OpdQueueTestCase"/>
  <testcase name="getOpdGetQueueType" time="0.007" classname="OpdQueueTestCase"/>
  <testcase name="getOpdQueueTreatedByUID" time="0.081" classname="OpdQueueTestCase"/>
  <testcase name="getOpdQueueStatusByUID" time="0.012" classname="OpdQueueTestCase"/>
  <testcase name="getOpdQueueTestRequestByUID" time="0.240" classname="OpdQueueTestCase"/>
  <testcase name="getOpdQueueIsPatientInByPID" time="0.247" classname="OpdQueueTestCase"/>
  <testcase name="getOpdQueueNextAssignByPID" time="0.321" classname="OpdQueueTestCase"/>
</testsuite> <!-- OpdQueueTestCase -->
