<?xml version="1.0" encoding="UTF-8"?>
<!-- Generated by org.testng.reporters.JUnitReportReporter -->
<testsuite hostname="NJCreationsLab" name="LabTypeTestCase" tests="3" failures="0" timestamp="13 Mar 2017 10:46:42 GMT" time="0.166" errors="0">
  <testcase name="insertLabTypeTestCase" time="0.071" classname="LabTypeTestCase"/>
  <testcase name="deleteLabTypeTestCase" time="0.025" classname="LabTypeTestCase"/>
  <testcase name="updateLabTypeTestCase" time="0.070" classname="LabTypeTestCase"/>
</testsuite> <!-- LabTypeTestCase -->
