<?xml version="1.0" encoding="UTF-8"?>
<!-- Generated by org.testng.reporters.JUnitReportReporter -->
<testsuite hostname="NJCreationsLab" name="CategoryTestCase" tests="4" failures="0" timestamp="13 Mar 2017 10:46:42 GMT" time="0.318" errors="0">
  <testcase name="addNewCatDetailsTestCase" time="0.196" classname="CategoryTestCase"/>
  <testcase name="deleteCategoryTestCase" time="0.040" classname="CategoryTestCase"/>
  <testcase name="updateCategoriesDetailsTestCase" time="0.047" classname="CategoryTestCase"/>
  <testcase name="getAllCategoriesTestCase" time="0.035" classname="CategoryTestCase"/>
</testsuite> <!-- CategoryTestCase -->
