<?xml version="1.0" encoding="UTF-8"?>
<!-- Generated by org.testng.reporters.JUnitReportReporter -->
<testsuite hostname="NJCreationsLab" name="TestFieldsRangeTestCase" tests="3" failures="0" timestamp="13 Mar 2017 10:46:42 GMT" time="0.397" errors="0">
  <testcase name="addLabFieldSubRangeTestCase" time="0.183" classname="TestFieldsRangeTestCase"/>
  <testcase name="addLabFieldRangeTestCase" time="0.145" classname="TestFieldsRangeTestCase"/>
  <testcase name="getAllLabRangeTestCase" time="0.069" classname="TestFieldsRangeTestCase"/>
</testsuite> <!-- TestFieldsRangeTestCase -->
