<?xml version="1.0" encoding="UTF-8"?>
<!-- Generated by org.testng.reporters.JUnitReportReporter -->
<testsuite hostname="NJCreationsLab" name="SubCategoryTestCase" tests="4" failures="0" timestamp="13 Mar 2017 10:46:42 GMT" time="0.184" errors="0">
  <testcase name="getAllSubCategoriesByIdTestCase" time="0.058" classname="SubCategoryTestCase"/>
  <testcase name="updateSubCategoriesDetailsTestCase" time="0.063" classname="SubCategoryTestCase"/>
  <testcase name="deleteSubCategoryTestCase" time="0.016" classname="SubCategoryTestCase"/>
  <testcase name="getAllSubCategoriesTestCase" time="0.047" classname="SubCategoryTestCase"/>
</testsuite> <!-- SubCategoryTestCase -->
