<?xml version="1.0" encoding="UTF-8"?>
<!-- Generated by org.testng.reporters.JUnitReportReporter -->
<testsuite hostname="NJCreationsLab" name="InternalTransferResourceTestCase" tests="6" failures="0" timestamp="23 Mar 2017 05:27:08 GMT" time="1.460" errors="0">
  <testcase name="getInternalTransferByBHTNo" time="0.270" classname="InternalTransferResourceTestCase"/>
  <testcase name="getInternalTransferByID" time="0.233" classname="InternalTransferResourceTestCase"/>
  <testcase name="updateInternalTransfer" time="0.284" classname="InternalTransferResourceTestCase"/>
  <testcase name="CreateInternalTransfer" time="0.220" classname="InternalTransferResourceTestCase"/>
  <testcase name="getNotReadInternalTransferByWard" time="0.253" classname="InternalTransferResourceTestCase"/>
  <testcase name="getSelectInternalTransfer" time="0.200" classname="InternalTransferResourceTestCase"/>
</testsuite> <!-- InternalTransferResourceTestCase -->
