<?xml version="1.0" encoding="UTF-8"?>
<!-- Generated by org.testng.reporters.JUnitReportReporter -->
<testsuite hostname="NJCreationsLab" name="LabDepartmentsTestCase" tests="4" failures="0" timestamp="13 Mar 2017 10:46:42 GMT" time="4.546" errors="0">
  <testcase name="insertLabDepartmentTestCase" time="4.428" classname="LabDepartmentsTestCase"/>
  <testcase name="updateLabDepartmentTestCase" time="0.064" classname="LabDepartmentsTestCase"/>
  <testcase name="getAllLaboratoriesTestCase" time="0.016" classname="LabDepartmentsTestCase"/>
  <testcase name="deleteLabTypeTestCase" time="0.038" classname="LabDepartmentsTestCase"/>
</testsuite> <!-- LabDepartmentsTestCase -->
