<?xml version="1.0" encoding="UTF-8"?>
<!-- Generated by org.testng.reporters.JUnitReportReporter -->
<testsuite hostname="NJCreationsLab" name="OpdLiveSearchTestCase" tests="2" failures="0" timestamp="13 Feb 2017 07:35:19 GMT" time="0.041" errors="0">
  <testcase name="getAllAllergyLiveTestCase" time="0.029" classname="OpdLiveSearchTestCase"/>
  <testcase name="getAllInjuryLiveTestCase" time="0.012" classname="OpdLiveSearchTestCase"/>
</testsuite> <!-- OpdLiveSearchTestCase -->
