<?xml version="1.0" encoding="UTF-8"?>
<!-- Generated by org.testng.reporters.JUnitReportReporter -->
<testsuite hostname="NJCreationsLab" name="SubTestFieldsResultsTestCase" tests="2" failures="0" timestamp="23 Mar 2017 05:27:08 GMT" time="0.308" errors="0">
  <testcase name="addSubFieldsResultsTestCase" time="0.266" classname="SubTestFieldsResultsTestCase"/>
  <testcase name="getAllLabSubResultsTestCase" time="0.042" classname="SubTestFieldsResultsTestCase"/>
</testsuite> <!-- SubTestFieldsResultsTestCase -->
