<?xml version="1.0" encoding="UTF-8"?>
<!-- Generated by org.testng.reporters.JUnitReportReporter -->
<testsuite hostname="NJCreationsLab" name="SubCategoryTestCase" tests="4" failures="0" timestamp="23 Mar 2017 05:27:08 GMT" time="0.243" errors="0">
  <testcase name="updateSubCategoriesDetailsTestCase" time="0.112" classname="SubCategoryTestCase"/>
  <testcase name="getAllSubCategoriesByIdTestCase" time="0.015" classname="SubCategoryTestCase"/>
  <testcase name="getAllSubCategoriesTestCase" time="0.078" classname="SubCategoryTestCase"/>
  <testcase name="deleteSubCategoryTestCase" time="0.038" classname="SubCategoryTestCase"/>
</testsuite> <!-- SubCategoryTestCase -->
