<?xml version="1.0" encoding="UTF-8"?>
<!-- Generated by org.testng.reporters.JUnitReportReporter -->
<testsuite hostname="NJCreationsLab" name="PCULabTestRequestTestCase" tests="7" failures="0" timestamp="13 Mar 2017 10:46:41 GMT" time="1.706" errors="0">
  <testcase name="getPcuLabTestByReqID" time="0.262" classname="PCULabTestRequestTestCase"/>
  <testcase name="updatePCULabRequests" time="0.260" classname="PCULabTestRequestTestCase"/>
  <testcase name="deleteOPDLabTestRequest" time="0.259" classname="PCULabTestRequestTestCase"/>
  <testcase name="addPcuLabTestRequestTestCase" time="0.271" classname="PCULabTestRequestTestCase"/>
  <testcase name="getAllPcuLabTestCase" time="0.015" classname="PCULabTestRequestTestCase"/>
  <testcase name="getPcuLabTestByAdminID" time="0.341" classname="PCULabTestRequestTestCase"/>
  <testcase name="getPcuLabTestByPatientID" time="0.298" classname="PCULabTestRequestTestCase"/>
</testsuite> <!-- PCULabTestRequestTestCase -->
