<?xml version="1.0" encoding="UTF-8"?>
<!-- Generated by org.testng.reporters.JUnitReportReporter -->
<testsuite hostname="NJCreationsLab" name="TestNamesTestCase" tests="5" failures="0" timestamp="23 Mar 2017 05:27:08 GMT" time="0.790" errors="0">
  <testcase name="updateTestsTestCase" time="0.237" classname="TestNamesTestCase"/>
  <testcase name="getAllLabTestsTestCase" time="0.291" classname="TestNamesTestCase"/>
  <testcase name="getMaxTestIDTestCase" time="0.032" classname="TestNamesTestCase"/>
  <testcase name="insertLabTestsTestCase" time="0.197" classname="TestNamesTestCase"/>
  <testcase name="deleteLabTestsTestCase" time="0.033" classname="TestNamesTestCase"/>
</testsuite> <!-- TestNamesTestCase -->
